<?xml version="1.0" encoding="UTF-8"?>
<testsuite xmlns:xsi="http://www.w3.org/2001/XMLSchema-instance" xsi:noNamespaceSchemaLocation="https://maven.apache.org/surefire/maven-surefire-plugin/xsd/surefire-test-report-3.0.xsd" version="3.0" name="TestSuite" time="160.16" tests="2" errors="0" skipped="0" failures="1">
  <properties>
[...]
</properties>
  <testcase name="tc01PozitifTest" classname="generalstore.tests.TC01_PozitifTest" time="133.637">
    <failure message="Can&apos;t locate an element by this strategy: By.chained({AppiumBy.id: com.androidsample.generalstore:id/toolbar_title})" type="org.openqa.selenium.NoSuchElementException"><![CDATA[org.openqa.selenium.NoSuchElementException: Can't locate an element by this strategy: By.chained({AppiumBy.id: com.androidsample.generalstore:id/toolbar_title})
	at io.appium.java_client.pagefactory.AppiumElementLocator.findElement(AppiumElementLocator.java:166)
	at io.appium.java_client.pagefactory.interceptors.InterceptorOfASingleElement.call(InterceptorOfASingleElement.java:64)
	at io.appium.java_client.proxy.Interceptor.intercept(Interceptor.java:77)
	at org.openqa.selenium.remote.RemoteWebElement$ByteBuddy$LM7NnuoO.getText(Unknown Source)
	at generalstore.pages.FormSayfasi.sayfaBasliginiDogrula(FormSayfasi.java:63)
	at generalstore.tests.TC01_PozitifTest.tc01PozitifTest(TC01_PozitifTest.java:38)
	at java.base/jdk.internal.reflect.NativeMethodAccessorImpl.invoke0(Native Method)
	at java.base/jdk.internal.reflect.NativeMethodAccessorImpl.invoke(NativeMethodAccessorImpl.java:62)
	at java.base/jdk.internal.reflect.DelegatingMethodAccessorImpl.invoke(DelegatingMethodAccessorImpl.java:43)
	at java.base/java.lang.reflect.Method.invoke(Method.java:566)
	at org.testng.internal.invokers.MethodInvocationHelper.invokeMethod(MethodInvocationHelper.java:139)
	at org.testng.internal.invokers.TestInvoker.invokeMethod(TestInvoker.java:664)
	at org.testng.internal.invokers.TestInvoker.invokeTestMethod(TestInvoker.java:227)
	at org.testng.internal.invokers.MethodRunner.runInSequence(MethodRunner.java:50)
	at org.testng.internal.invokers.TestInvoker$MethodInvocationAgent.invoke(TestInvoker.java:957)
	at org.testng.internal.invokers.TestInvoker.invokeTestMethods(TestInvoker.java:200)
	at org.testng.internal.invokers.TestMethodWorker.invokeTestMethods(TestMethodWorker.java:148)
	at org.testng.internal.invokers.TestMethodWorker.run(TestMethodWorker.java:128)
	at java.base/java.util.ArrayList.forEach(ArrayList.java:1541)
	at org.testng.TestRunner.privateRun(TestRunner.java:848)
	at org.testng.TestRunner.run(TestRunner.java:621)
	at org.testng.SuiteRunner.runTest(SuiteRunner.java:443)
	at org.testng.SuiteRunner.runSequentially(SuiteRunner.java:437)
	at org.testng.SuiteRunner.privateRun(SuiteRunner.java:397)
	at org.testng.SuiteRunner.run(SuiteRunner.java:336)
	at org.testng.SuiteRunnerWorker.runSuite(SuiteRunnerWorker.java:52)
	at org.testng.SuiteRunnerWorker.run(SuiteRunnerWorker.java:95)
	at org.testng.TestNG.runSuitesSequentially(TestNG.java:1280)
	at org.testng.TestNG.runSuitesLocally(TestNG.java:1200)
	at org.testng.TestNG.runSuites(TestNG.java:1114)
	at org.testng.TestNG.run(TestNG.java:1082)
	at org.apache.maven.surefire.testng.TestNGExecutor.run(TestNGExecutor.java:308)
	at org.apache.maven.surefire.testng.TestNGXmlTestSuite.execute(TestNGXmlTestSuite.java:71)
	at org.apache.maven.surefire.testng.TestNGProvider.invoke(TestNGProvider.java:113)
	at org.apache.maven.surefire.booter.ForkedBooter.runSuitesInProcess(ForkedBooter.java:385)
	at org.apache.maven.surefire.booter.ForkedBooter.execute(ForkedBooter.java:162)
	at org.apache.maven.surefire.booter.ForkedBooter.run(ForkedBooter.java:507)
	at org.apache.maven.surefire.booter.ForkedBooter.main(ForkedBooter.java:495)
Caused by: org.openqa.selenium.TimeoutException: Expected condition failed: waiting for io.appium.java_client.pagefactory.AppiumElementLocator$WaitingFunction@2cd388f5 (tried for 1 second(s) with 500 milliseconds interval)
	at org.openqa.selenium.support.ui.FluentWait.timeoutException(FluentWait.java:261)
	at org.openqa.selenium.support.ui.FluentWait.until(FluentWait.java:229)
	at io.appium.java_client.pagefactory.AppiumElementLocator.waitFor(AppiumElementLocator.java:135)
	at io.appium.java_client.pagefactory.AppiumElementLocator.findElement(AppiumElementLocator.java:160)
	... 37 more
Caused by: org.openqa.selenium.NoSuchElementException: Cannot locate an element using By.chained({AppiumBy.id: com.androidsample.generalstore:id/toolbar_title})
For documentation on this error, please visit: https://www.selenium.dev/documentation/webdriver/troubleshooting/errors#no-such-element-exception
Build info: version: '4.16.1', revision: '9b4c83354e'
System info: os.name: 'Windows 10', os.arch: 'amd64', os.version: '10.0', java.version: '11.0.20'
Driver info: driver.version: RemoteWebDriver
	at io.appium.java_client.pagefactory.bys.builder.ByChained.findElement(ByChained.java:77)
	at org.openqa.selenium.remote.ElementLocation$ElementFinder$1.findElement(ElementLocation.java:139)
	at org.openqa.selenium.remote.ElementLocation.findElement(ElementLocation.java:59)
	at org.openqa.selenium.remote.RemoteWebDriver.findElement(RemoteWebDriver.java:360)
	at org.openqa.selenium.remote.RemoteWebDriver.findElement(RemoteWebDriver.java:354)
	at io.appium.java_client.pagefactory.bys.ContentMappedBy.findElement(ContentMappedBy.java:53)
	at org.openqa.selenium.remote.ElementLocation$ElementFinder$1.findElement(ElementLocation.java:139)
	at org.openqa.selenium.remote.ElementLocation.findElement(ElementLocation.java:59)
	at org.openqa.selenium.remote.RemoteWebDriver.findElement(RemoteWebDriver.java:360)
	at org.openqa.selenium.remote.RemoteWebDriver.findElement(RemoteWebDriver.java:354)
	at io.appium.java_client.pagefactory.AppiumElementLocator.lambda$findElement$1(AppiumElementLocator.java:160)
	at io.appium.java_client.pagefactory.AppiumElementLocator$WaitingFunction.apply(AppiumElementLocator.java:217)
	at io.appium.java_client.pagefactory.AppiumElementLocator$WaitingFunction.apply(AppiumElementLocator.java:210)
	at org.openqa.selenium.support.ui.FluentWait.until(FluentWait.java:204)
	... 39 more
]]></failure>
    <system-out><![CDATA[&amp#27;[35m[Appium]&amp#27;[39m Welcome to Appium v2.2.2
&amp#27;[35m[Appium]&amp#27;[39m Attempting to load driver uiautomator2...
&amp#27;[35m[Appium]&amp#27;[39m Requiring driver at C:\Users\admin\.appium\node_modules\appium-uiautomator2-driver
&amp#27;[35m[Appium]&amp#27;[39m Appium REST http interface listener started on http://0.0.0.0:4723
&amp#27;[35m[Appium]&amp#27;[39m You can provide the following URLs in your client code to connect to this server:
&amp#27;[35m[Appium]&amp#27;[39m 	http://192.168.0.240:4723/
&amp#27;[35m[Appium]&amp#27;[39m 	http://127.0.0.1:4723/ (only accessible from the same host)
&amp#27;[35m[Appium]&amp#27;[39m Available drivers:
&amp#27;[35m[Appium]&amp#27;[39m   - uiautomator2@2.34.1 (automationName 'UiAutomator2')
&amp#27;[35m[Appium]&amp#27;[39m No plugins have been installed. Use the "appium plugin" command to install the one(s) you want to use.
&amp#27;[38;5;0m[HTTP]&amp#27;[0m &amp#27;[37m-->&amp#27;[39m &amp#27;[37mGET&amp#27;[39m &amp#27;[37m/status&amp#27;[39m
&amp#27;[38;5;0m[HTTP]&amp#27;[0m &amp#27;[90m{}&amp#27;[39m
&amp#27;[38;5;16m[AppiumDriver@1576]&amp#27;[0m Calling AppiumDriver.getStatus() with args: []
&amp#27;[38;5;16m[AppiumDriver@1576]&amp#27;[0m Responding to client with driver.getStatus() result: {"ready":true,"message":"The server is ready to accept new connections","build":{"version":"2.2.2"}}
&amp#27;[38;5;0m[HTTP]&amp#27;[0m &amp#27;[37m<-- GET /status &amp#27;[39m&amp#27;[32m200&amp#27;[39m &amp#27;[90m11 ms - 110&amp#27;[39m
&amp#27;[38;5;0m[HTTP]&amp#27;[0m &amp#27;[90m&amp#27;[39m
&amp#27;[38;5;0m[HTTP]&amp#27;[0m Request idempotency key: b814b36d-9562-412d-939f-41725b0c6d85
&amp#27;[38;5;0m[HTTP]&amp#27;[0m &amp#27;[37m-->&amp#27;[39m &amp#27;[37mPOST&amp#27;[39m &amp#27;[37m/session&amp#27;[39m
&amp#27;[38;5;0m[HTTP]&amp#27;[0m &amp#27;[90m{"capabilities":{"firstMatch":[{}],"alwaysMatch":{"appium:app":"C:\\Users\\admin\\IdeaProjects\\AppiumUpskills_TestNGFramework_JDK11\\src\\test\\resources\\General-Store.apk","appium:automationName":"UIAutomator2","platformName":"ANDROID"}}}&amp#27;[39m
&amp#27;[38;5;16m[AppiumDriver@1576]&amp#27;[0m Calling AppiumDriver.createSession() with args: [null,null,{"firstMatch":[{}],"alwaysMatch":{"appium:app":"C:\\Users\\admin\\IdeaProjects\\AppiumUpskills_TestNGFramework_JDK11\\src\\test\\resources\\General-Store.apk","appium:automationName":"UIAutomator2","platformName":"ANDROID"}}]
&amp#27;[38;5;16m[AppiumDriver@1576]&amp#27;[0m Event 'newSessionRequested' logged at 1702668261072 (21:24:21 GMT+0200 (Eastern European Standard Time))
&amp#27;[35m[Appium]&amp#27;[39m Attempting to find matching driver for automationName 'UIAutomator2' and platformName 'ANDROID'
&amp#27;[35m[Appium]&amp#27;[39m The 'uiautomator2' driver was installed and matched caps.
&amp#27;[35m[Appium]&amp#27;[39m Will require it at C:\Users\admin\.appium\node_modules\appium-uiautomator2-driver
&amp#27;[35m[Appium]&amp#27;[39m Requiring driver at C:\Users\admin\.appium\node_modules\appium-uiautomator2-driver
&amp#27;[38;5;16m[AppiumDriver@1576]&amp#27;[0m Appium v2.2.2 creating new AndroidUiautomator2Driver (v2.34.1) session
&amp#27;[38;5;16m[AppiumDriver@1576]&amp#27;[0m Checking BaseDriver versions for Appium and AndroidUiautomator2Driver
&amp#27;[38;5;16m[AppiumDriver@1576]&amp#27;[0m Appium's BaseDriver version is 9.4.2
&amp#27;[38;5;16m[AppiumDriver@1576]&amp#27;[0m AndroidUiautomator2Driver's BaseDriver version is 9.4.2
&amp#27;[38;5;32m[AndroidUiautomator2Driver@1b09]&amp#27;[0m Creating session with W3C capabilities: {
&amp#27;[38;5;32m[AndroidUiautomator2Driver@1b09]&amp#27;[0m   "alwaysMatch": {
&amp#27;[38;5;32m[AndroidUiautomator2Driver@1b09]&amp#27;[0m     "platformName": "ANDROID",
&amp#27;[38;5;32m[AndroidUiautomator2Driver@1b09]&amp#27;[0m     "appium:app": "C:\\Users\\admin\\IdeaProjects\\AppiumUpskills_TestNGFramework_JDK11\\src\\test\\resources\\General-Store.apk",
&amp#27;[38;5;32m[AndroidUiautomator2Driver@1b09]&amp#27;[0m     "appium:automationName": "UIAutomator2"
&amp#27;[38;5;32m[AndroidUiautomator2Driver@1b09]&amp#27;[0m   },
&amp#27;[38;5;32m[AndroidUiautomator2Driver@1b09]&amp#27;[0m   "firstMatch": [
&amp#27;[38;5;32m[AndroidUiautomator2Driver@1b09]&amp#27;[0m     {}
&amp#27;[38;5;32m[AndroidUiautomator2Driver@1b09]&amp#27;[0m   ]
&amp#27;[38;5;32m[AndroidUiautomator2Driver@1b09]&amp#27;[0m }
&amp#27;[38;5;32m[AndroidUiautomator2Driver@1b09 (4dd9307a)]&amp#27;[0m Session created with session id: 4dd9307a-7c2e-4e60-8422-cb0d8b0d514f
&amp#27;[38;5;48m[BaseDriver]&amp#27;[0m Using local app 'C:\Users\admin\IdeaProjects\AppiumUpskills_TestNGFramework_JDK11\src\test\resources\General-Store.apk'
&amp#27;[38;5;32m[AndroidUiautomator2Driver@1b09 (4dd9307a)]&amp#27;[0m Checking whether app is actually present
&amp#27;[38;5;64m[ADB]&amp#27;[0m Found 1 'build-tools' folders under 'C:\Users\admin\AppData\Local\Android\Sdk' (newest first):
&amp#27;[38;5;64m[ADB]&amp#27;[0m     C:\Users\admin\AppData\Local\Android\Sdk\build-tools\34.0.0
&amp#27;[38;5;64m[ADB]&amp#27;[0m Using 'adb.exe' from 'C:\Users\admin\AppData\Local\Android\Sdk\platform-tools\adb.exe'
&amp#27;[38;5;64m[ADB]&amp#27;[0m Running 'C:\Users\admin\AppData\Local\Android\Sdk\platform-tools\adb.exe -P 5037 start-server'
&amp#27;[38;5;80m[AndroidDriver]&amp#27;[0m Retrieving device list
&amp#27;[38;5;64m[ADB]&amp#27;[0m Trying to find connected Android devices
&amp#27;[38;5;64m[ADB]&amp#27;[0m Getting connected devices
&amp#27;[38;5;64m[ADB]&amp#27;[0m Connected devices: [{"udid":"RZ8NA1VZJ1N","state":"device"}]
&amp#27;[38;5;80m[AndroidDriver]&amp#27;[0m Using device: RZ8NA1VZJ1N
&amp#27;[38;5;64m[ADB]&amp#27;[0m Using 'adb.exe' from 'C:\Users\admin\AppData\Local\Android\Sdk\platform-tools\adb.exe'
&amp#27;[38;5;64m[ADB]&amp#27;[0m Running 'C:\Users\admin\AppData\Local\Android\Sdk\platform-tools\adb.exe -P 5037 start-server'
&amp#27;[38;5;64m[ADB]&amp#27;[0m Setting device id to RZ8NA1VZJ1N
&amp#27;[38;5;64m[ADB]&amp#27;[0m Running 'C:\Users\admin\AppData\Local\Android\Sdk\platform-tools\adb.exe -P 5037 -s RZ8NA1VZJ1N shell getprop ro.build.version.sdk'
&amp#27;[38;5;64m[ADB]&amp#27;[0m Current device property 'ro.build.version.sdk': 33
&amp#27;[38;5;64m[ADB]&amp#27;[0m Getting device platform version
&amp#27;[38;5;64m[ADB]&amp#27;[0m Running 'C:\Users\admin\AppData\Local\Android\Sdk\platform-tools\adb.exe -P 5037 -s RZ8NA1VZJ1N shell getprop ro.build.version.release'
&amp#27;[38;5;64m[ADB]&amp#27;[0m Current device property 'ro.build.version.release': 13
&amp#27;[38;5;64m[ADB]&amp#27;[0m Device API level: 33
&amp#27;[38;5;32m[AndroidUiautomator2Driver@1b09 (4dd9307a)]&amp#27;[0m Relaxing hidden api policy
&amp#27;[38;5;64m[ADB]&amp#27;[0m Running 'C:\Users\admin\AppData\Local\Android\Sdk\platform-tools\adb.exe -P 5037 -s RZ8NA1VZJ1N shell 'settings put global hidden_api_policy_pre_p_apps 1;settings put global hidden_api_policy_p_apps 1;settings put global hidden_api_policy 1''
&amp#27;[38;5;80m[AndroidDriver]&amp#27;[0m Parsing package and activity from app manifest
&amp#27;[38;5;64m[ADB]&amp#27;[0m Package name: 'com.androidsample.generalstore'
&amp#27;[38;5;64m[ADB]&amp#27;[0m Main activity name: 'com.androidsample.generalstore.SplashActivity'
&amp#27;[38;5;80m[AndroidDriver]&amp#27;[0m Parsed package and activity are: com.androidsample.generalstore/com.androidsample.generalstore.SplashActivity
&amp#27;[38;5;80m[AndroidDriver]&amp#27;[0m Pushing settings apk to device...
&amp#27;[38;5;64m[ADB]&amp#27;[0m Getting package info for 'io.appium.settings'
&amp#27;[38;5;64m[ADB]&amp#27;[0m Running 'C:\Users\admin\AppData\Local\Android\Sdk\platform-tools\adb.exe -P 5037 -s RZ8NA1VZJ1N shell dumpsys package io.appium.settings'
&amp#27;[38;5;64m[ADB]&amp#27;[0m The version name of the installed 'io.appium.settings' is greater or equal to the application version name ('5.2.0' >= '5.2.0')
&amp#27;[38;5;64m[ADB]&amp#27;[0m There is no need to install/upgrade 'C:\Users\admin\.appium\node_modules\appium-uiautomator2-driver\node_modules\io.appium.settings\apks\settings_apk-debug.apk'
&amp#27;[38;5;64m[ADB]&amp#27;[0m Getting IDs of all 'io.appium.settings' processes
&amp#27;[38;5;64m[ADB]&amp#27;[0m Running 'C:\Users\admin\AppData\Local\Android\Sdk\platform-tools\adb.exe -P 5037 -s RZ8NA1VZJ1N shell 'pgrep --help; echo $?''
&amp#27;[38;5;64m[ADB]&amp#27;[0m Running 'C:\Users\admin\AppData\Local\Android\Sdk\platform-tools\adb.exe -P 5037 -s RZ8NA1VZJ1N shell pgrep -f \(\[\[:blank:\]\]\|\^\)io\.appium\.settings\(\[\[:blank:\]\]\|\$\)'
&amp#27;[38;5;80m[AndroidDriver]&amp#27;[0m io.appium.settings is already running. There is no need to reset its permissions.
&amp#27;[38;5;64m[ADB]&amp#27;[0m Running 'C:\Users\admin\AppData\Local\Android\Sdk\platform-tools\adb.exe -P 5037 -s RZ8NA1VZJ1N shell appops set io.appium.settings android:mock_location allow'
&amp#27;[38;5;64m[ADB]&amp#27;[0m Running 'C:\Users\admin\AppData\Local\Android\Sdk\platform-tools\adb.exe -P 5037 -s RZ8NA1VZJ1N shell "[ -e '/data/local/tmp/mock_apps.json' ] && echo __PASS__"'
&amp#27;[38;5;64m[ADB]&amp#27;[0m Running 'C:\Users\admin\AppData\Local\Android\Sdk\platform-tools\adb.exe -P 5037 -s RZ8NA1VZJ1N shell cat /data/local/tmp/mock_apps.json'
&amp#27;[38;5;96m[Logcat]&amp#27;[0m Starting logs capture with command: C:\\Users\\admin\\AppData\\Local\\Android\\Sdk\\platform-tools\\adb.exe -P 5037 -s RZ8NA1VZJ1N logcat -v threadtime
&amp#27;[38;5;32m[AndroidUiautomator2Driver@1b09 (4dd9307a)]&amp#27;[0m Forwarding UiAutomator2 Server port 6790 to local port 8200
&amp#27;[38;5;64m[ADB]&amp#27;[0m Forwarding system: 8200 to device: 6790
&amp#27;[38;5;64m[ADB]&amp#27;[0m Running 'C:\Users\admin\AppData\Local\Android\Sdk\platform-tools\adb.exe -P 5037 -s RZ8NA1VZJ1N forward tcp:8200 tcp:6790'
&amp#27;[38;5;64m[ADB]&amp#27;[0m Checking app cert for C:\Users\admin\.appium\node_modules\appium-uiautomator2-driver\node_modules\appium-uiautomator2-server\apks\appium-uiautomator2-server-v5.12.16.apk
&amp#27;[38;5;64m[ADB]&amp#27;[0m Checking app cert for C:\Users\admin\.appium\node_modules\appium-uiautomator2-driver\node_modules\appium-uiautomator2-server\apks\appium-uiautomator2-server-debug-androidTest.apk
&amp#27;[38;5;64m[ADB]&amp#27;[0m Using 'apksigner.jar' from 'C:\Users\admin\AppData\Local\Android\Sdk\build-tools\34.0.0\lib\apksigner.jar'
&amp#27;[38;5;64m[ADB]&amp#27;[0m Starting apksigner: 'C:\\Program Files\\Java\\jdk-11\\bin\\java.exe' -Xmx1024M -Xss1m -jar C:\\Users\\admin\\AppData\\Local\\Android\\Sdk\\build-tools\\34.0.0\\lib\\apksigner.jar verify --print-certs C:\\Users\\admin\\.appium\\node_modules\\appium-uiautomator2-driver\\node_modules\\appium-uiautomator2-server\\apks\\appium-uiautomator2-server-debug-androidTest.apk
&amp#27;[38;5;64m[ADB]&amp#27;[0m Starting apksigner: 'C:\\Program Files\\Java\\jdk-11\\bin\\java.exe' -Xmx1024M -Xss1m -jar C:\\Users\\admin\\AppData\\Local\\Android\\Sdk\\build-tools\\34.0.0\\lib\\apksigner.jar verify --print-certs C:\\Users\\admin\\.appium\\node_modules\\appium-uiautomator2-driver\\node_modules\\appium-uiautomator2-server\\apks\\appium-uiautomator2-server-v5.12.16.apk
&amp#27;[38;5;64m[ADB]&amp#27;[0m apksigner stdout: Signer #1 certificate DN: EMAILADDRESS=android@android.com, CN=Android, OU=Android, O=Android, L=Mountain View, ST=California, C=US
&amp#27;[38;5;64m[ADB]&amp#27;[0m Signer #1 certificate SHA-256 digest: a40da80a59d170caa950cf15c18c454d47a39b26989d8b640ecd745ba71bf5dc
&amp#27;[38;5;64m[ADB]&amp#27;[0m Signer #1 certificate SHA-1 digest: 61ed377e85d386a8dfee6b864bd85b0bfaa5af81
&amp#27;[38;5;64m[ADB]&amp#27;[0m Signer #1 certificate MD5 digest: e89b158e4bcf988ebd09eb83f5378e87
&amp#27;[38;5;64m[ADB]&amp#27;[0m 
&amp#27;[38;5;64m[ADB]&amp#27;[0m sha256 hash did match for 'appium-uiautomator2-server-debug-androidTest.apk'
&amp#27;[38;5;64m[ADB]&amp#27;[0m 'C:\Users\admin\.appium\node_modules\appium-uiautomator2-driver\node_modules\appium-uiautomator2-server\apks\appium-uiautomator2-server-debug-androidTest.apk' is signed with the default certificate
&amp#27;[38;5;64m[ADB]&amp#27;[0m Getting install status for io.appium.uiautomator2.server.test
&amp#27;[38;5;64m[ADB]&amp#27;[0m Running 'C:\Users\admin\AppData\Local\Android\Sdk\platform-tools\adb.exe -P 5037 -s RZ8NA1VZJ1N shell pm path io.appium.uiautomator2.server.test'
&amp#27;[38;5;64m[ADB]&amp#27;[0m 'io.appium.uiautomator2.server.test' is installed
&amp#27;[38;5;64m[ADB]&amp#27;[0m apksigner stdout: Signer #1 certificate DN: EMAILADDRESS=android@android.com, CN=Android, OU=Android, O=Android, L=Mountain View, ST=California, C=US
&amp#27;[38;5;64m[ADB]&amp#27;[0m Signer #1 certificate SHA-256 digest: a40da80a59d170caa950cf15c18c454d47a39b26989d8b640ecd745ba71bf5dc
&amp#27;[38;5;64m[ADB]&amp#27;[0m Signer #1 certificate SHA-1 digest: 61ed377e85d386a8dfee6b864bd85b0bfaa5af81
&amp#27;[38;5;64m[ADB]&amp#27;[0m Signer #1 certificate MD5 digest: e89b158e4bcf988ebd09eb83f5378e87
&amp#27;[38;5;64m[ADB]&amp#27;[0m 
&amp#27;[38;5;64m[ADB]&amp#27;[0m sha256 hash did match for 'appium-uiautomator2-server-v5.12.16.apk'
&amp#27;[38;5;64m[ADB]&amp#27;[0m 'C:\Users\admin\.appium\node_modules\appium-uiautomator2-driver\node_modules\appium-uiautomator2-server\apks\appium-uiautomator2-server-v5.12.16.apk' is signed with the default certificate
&amp#27;[38;5;64m[ADB]&amp#27;[0m Getting package info for 'io.appium.uiautomator2.server'
&amp#27;[38;5;64m[ADB]&amp#27;[0m Running 'C:\Users\admin\AppData\Local\Android\Sdk\platform-tools\adb.exe -P 5037 -s RZ8NA1VZJ1N shell dumpsys package io.appium.uiautomator2.server'
&amp#27;[38;5;64m[ADB]&amp#27;[0m The version name of the installed 'io.appium.uiautomator2.server' is greater or equal to the application version name ('5.12.16' >= '5.12.16')
&amp#27;[38;5;32m[AndroidUiautomator2Driver@1b09 (4dd9307a)]&amp#27;[0m Server packages status: [{"wasSigned":true,"installState":"sameVersionInstalled","appPath":"C:\\Users\\admin\\.appium\\node_modules\\appium-uiautomator2-driver\\node_modules\\appium-uiautomator2-server\\apks\\appium-uiautomator2-server-v5.12.16.apk","appId":"io.appium.uiautomator2.server"},{"wasSigned":true,"installState":"sameVersionInstalled","appPath":"C:\\Users\\admin\\.appium\\node_modules\\appium-uiautomator2-driver\\node_modules\\appium-uiautomator2-server\\apks\\appium-uiautomator2-server-debug-androidTest.apk","appId":"io.appium.uiautomator2.server.test"}]
&amp#27;[38;5;32m[AndroidUiautomator2Driver@1b09 (4dd9307a)]&amp#27;[0m Server packages are not going to be (re)installed
&amp#27;[38;5;32m[AndroidUiautomator2Driver@1b09 (4dd9307a)]&amp#27;[0m Waiting up to 30000ms for services to be available
&amp#27;[38;5;64m[ADB]&amp#27;[0m Running 'C:\Users\admin\AppData\Local\Android\Sdk\platform-tools\adb.exe -P 5037 -s RZ8NA1VZJ1N shell pm list instrumentation'
&amp#27;[38;5;32m[AndroidUiautomator2Driver@1b09 (4dd9307a)]&amp#27;[0m Instrumentation target 'io.appium.uiautomator2.server.test/androidx.test.runner.AndroidJUnitRunner' is available
&amp#27;[38;5;64m[ADB]&amp#27;[0m Adding packages ["io.appium.settings","io.appium.uiautomator2.server","io.appium.uiautomator2.server.test"] to Doze whitelist
&amp#27;[38;5;64m[ADB]&amp#27;[0m Got the following command chunks to execute: [["dumpsys","deviceidle","whitelist","+io.appium.settings",";","dumpsys","deviceidle","whitelist","+io.appium.uiautomator2.server",";","dumpsys","deviceidle","whitelist","+io.appium.uiautomator2.server.test",";"]]
&amp#27;[38;5;64m[ADB]&amp#27;[0m Running 'C:\Users\admin\AppData\Local\Android\Sdk\platform-tools\adb.exe -P 5037 -s RZ8NA1VZJ1N shell dumpsys deviceidle whitelist +io.appium.settings ; dumpsys deviceidle whitelist +io.appium.uiautomator2.server ; dumpsys deviceidle whitelist +io.appium.uiautomator2.server.test ;'
&amp#27;[38;5;64m[ADB]&amp#27;[0m Checking app cert for C:\Users\admin\IdeaProjects\AppiumUpskills_TestNGFramework_JDK11\src\test\resources\General-Store.apk
&amp#27;[38;5;64m[ADB]&amp#27;[0m Starting apksigner: 'C:\\Program Files\\Java\\jdk-11\\bin\\java.exe' -Xmx1024M -Xss1m -jar C:\\Users\\admin\\AppData\\Local\\Android\\Sdk\\build-tools\\34.0.0\\lib\\apksigner.jar verify --print-certs C:\\Users\\admin\\IdeaProjects\\AppiumUpskills_TestNGFramework_JDK11\\src\\test\\resources\\General-Store.apk
&amp#27;[38;5;64m[ADB]&amp#27;[0m apksigner stdout: Signer #1 certificate DN: EMAILADDRESS=android@android.com, CN=Android, OU=Android, O=Android, L=Mountain View, ST=California, C=US
&amp#27;[38;5;64m[ADB]&amp#27;[0m Signer #1 certificate SHA-256 digest: a40da80a59d170caa950cf15c18c454d47a39b26989d8b640ecd745ba71bf5dc
&amp#27;[38;5;64m[ADB]&amp#27;[0m Signer #1 certificate SHA-1 digest: 61ed377e85d386a8dfee6b864bd85b0bfaa5af81
&amp#27;[38;5;64m[ADB]&amp#27;[0m Signer #1 certificate MD5 digest: e89b158e4bcf988ebd09eb83f5378e87
&amp#27;[38;5;64m[ADB]&amp#27;[0m 
&amp#27;[38;5;64m[ADB]&amp#27;[0m sha256 hash did match for 'General-Store.apk'
&amp#27;[38;5;64m[ADB]&amp#27;[0m 'C:\Users\admin\IdeaProjects\AppiumUpskills_TestNGFramework_JDK11\src\test\resources\General-Store.apk' is signed with the default certificate
&amp#27;[38;5;64m[ADB]&amp#27;[0m Getting package info for 'com.androidsample.generalstore'
&amp#27;[38;5;64m[ADB]&amp#27;[0m Running 'C:\Users\admin\AppData\Local\Android\Sdk\platform-tools\adb.exe -P 5037 -s RZ8NA1VZJ1N shell dumpsys package com.androidsample.generalstore'
&amp#27;[38;5;64m[ADB]&amp#27;[0m The version name of the installed 'com.androidsample.generalstore' is greater or equal to the application version name ('1.0.0' >= '1.0.0')
&amp#27;[38;5;64m[ADB]&amp#27;[0m There is no need to install/upgrade 'C:\Users\admin\IdeaProjects\AppiumUpskills_TestNGFramework_JDK11\src\test\resources\General-Store.apk'
&amp#27;[38;5;80m[AndroidDriver]&amp#27;[0m Performing fast reset on 'com.androidsample.generalstore'
&amp#27;[38;5;64m[ADB]&amp#27;[0m Getting install status for com.androidsample.generalstore
&amp#27;[38;5;64m[ADB]&amp#27;[0m Running 'C:\Users\admin\AppData\Local\Android\Sdk\platform-tools\adb.exe -P 5037 -s RZ8NA1VZJ1N shell pm path com.androidsample.generalstore'
&amp#27;[38;5;64m[ADB]&amp#27;[0m 'com.androidsample.generalstore' is installed
&amp#27;[38;5;64m[ADB]&amp#27;[0m Running 'C:\Users\admin\AppData\Local\Android\Sdk\platform-tools\adb.exe -P 5037 -s RZ8NA1VZJ1N shell am force-stop com.androidsample.generalstore'
&amp#27;[38;5;64m[ADB]&amp#27;[0m Running 'C:\Users\admin\AppData\Local\Android\Sdk\platform-tools\adb.exe -P 5037 -s RZ8NA1VZJ1N shell pm clear com.androidsample.generalstore'
&amp#27;[38;5;80m[AndroidDriver]&amp#27;[0m Performed fast reset on the installed 'com.androidsample.generalstore' application (stop and clear)
&amp#27;[38;5;32m[AndroidUiautomator2Driver@1b09 (4dd9307a)]&amp#27;[0m Performing shallow cleanup of automation leftovers
&amp#27;[38;5;32m[AndroidUiautomator2Driver@1b09 (4dd9307a)]&amp#27;[0m No obsolete sessions have been detected (socket hang up)
&amp#27;[38;5;64m[ADB]&amp#27;[0m Running 'C:\Users\admin\AppData\Local\Android\Sdk\platform-tools\adb.exe -P 5037 -s RZ8NA1VZJ1N shell am force-stop io.appium.uiautomator2.server.test'
&amp#27;[38;5;32m[AndroidUiautomator2Driver@1b09 (4dd9307a)]&amp#27;[0m Starting UIAutomator2 server 5.12.16
&amp#27;[38;5;32m[AndroidUiautomator2Driver@1b09 (4dd9307a)]&amp#27;[0m Using UIAutomator2 server from 'C:\Users\admin\.appium\node_modules\appium-uiautomator2-driver\node_modules\appium-uiautomator2-server\apks\appium-uiautomator2-server-v5.12.16.apk' and test from 'C:\Users\admin\.appium\node_modules\appium-uiautomator2-driver\node_modules\appium-uiautomator2-server\apks\appium-uiautomator2-server-debug-androidTest.apk'
&amp#27;[38;5;32m[AndroidUiautomator2Driver@1b09 (4dd9307a)]&amp#27;[0m Waiting up to 30000ms for UiAutomator2 to be online...
&amp#27;[38;5;64m[ADB]&amp#27;[0m Creating ADB subprocess with args: ["-P","5037","-s","RZ8NA1VZJ1N","shell","am","instrument","-w","-e","disableAnalytics","true","io.appium.uiautomator2.server.test/androidx.test.runner.AndroidJUnitRunner"]
&amp#27;[38;5;32m[AndroidUiautomator2Driver@1b09 (4dd9307a)]&amp#27;[0m Matched '/status' to command name 'getStatus'
&amp#27;[38;5;32m[AndroidUiautomator2Driver@1b09 (4dd9307a)]&amp#27;[0m Proxying [GET /status] to [GET http://127.0.0.1:8200/status] with no body
&amp#27;[38;5;32m[AndroidUiautomator2Driver@1b09 (4dd9307a)]&amp#27;[0m socket hang up
&amp#27;[38;5;32m[AndroidUiautomator2Driver@1b09 (4dd9307a)]&amp#27;[0m Matched '/status' to command name 'getStatus'
&amp#27;[38;5;32m[AndroidUiautomator2Driver@1b09 (4dd9307a)]&amp#27;[0m Proxying [GET /status] to [GET http://127.0.0.1:8200/status] with no body
&amp#27;[38;5;32m[AndroidUiautomator2Driver@1b09 (4dd9307a)]&amp#27;[0m socket hang up
&amp#27;[38;5;112m[Instrumentation]&amp#27;[0m io.appium.uiautomator2.server.test.AppiumUiAutomator2Server:
&amp#27;[38;5;32m[AndroidUiautomator2Driver@1b09 (4dd9307a)]&amp#27;[0m Matched '/status' to command name 'getStatus'
&amp#27;[38;5;32m[AndroidUiautomator2Driver@1b09 (4dd9307a)]&amp#27;[0m Proxying [GET /status] to [GET http://127.0.0.1:8200/status] with no body
&amp#27;[38;5;32m[AndroidUiautomator2Driver@1b09 (4dd9307a)]&amp#27;[0m socket hang up
&amp#27;[38;5;32m[AndroidUiautomator2Driver@1b09 (4dd9307a)]&amp#27;[0m Matched '/status' to command name 'getStatus'
&amp#27;[38;5;32m[AndroidUiautomator2Driver@1b09 (4dd9307a)]&amp#27;[0m Proxying [GET /status] to [GET http://127.0.0.1:8200/status] with no body
&amp#27;[38;5;32m[AndroidUiautomator2Driver@1b09 (4dd9307a)]&amp#27;[0m socket hang up
&amp#27;[38;5;32m[AndroidUiautomator2Driver@1b09 (4dd9307a)]&amp#27;[0m Matched '/status' to command name 'getStatus'
&amp#27;[38;5;32m[AndroidUiautomator2Driver@1b09 (4dd9307a)]&amp#27;[0m Proxying [GET /status] to [GET http://127.0.0.1:8200/status] with no body
&amp#27;[38;5;32m[AndroidUiautomator2Driver@1b09 (4dd9307a)]&amp#27;[0m Got response with status 200: {"sessionId":"None","value":{"message":"UiAutomator2 Server is ready to accept commands","ready":true}}
&amp#27;[38;5;32m[AndroidUiautomator2Driver@1b09 (4dd9307a)]&amp#27;[0m The initialization of the instrumentation process took 4296ms
&amp#27;[38;5;32m[AndroidUiautomator2Driver@1b09 (4dd9307a)]&amp#27;[0m Matched '/session' to command name 'createSession'
&amp#27;[38;5;32m[AndroidUiautomator2Driver@1b09 (4dd9307a)]&amp#27;[0m Proxying [POST /session] to [POST http://127.0.0.1:8200/session] with body: {"capabilities":{"firstMatch":[{"platformName":"ANDROID","app":"C:\\Users\\admin\\IdeaProjects\\AppiumUpskills_TestNGFramework_JDK11\\src\\test\\resources\\General-Store.apk","automationName":"UIAutomator2","platform":"LINUX","webStorageEnabled":false,"takesScreenshot":true,"javascriptEnabled":true,"databaseEnabled":false,"networkConnectionEnabled":true,"locationContextEnabled":false,"warnings":{},"desired":{"platformName":"ANDROID","app":"C:\\Users\\admin\\IdeaProjects\\AppiumUpskills_TestNGFramework_JDK11\\src\\test\\resources\\General-Store.apk","automationName":"UIAutomator2"},"deviceName":"RZ8NA1VZJ1N","deviceUDID":"RZ8NA1VZJ1N","appPackage":"com.androidsample.generalstore"}],"alwaysMatch":{}}}
&amp#27;[38;5;32m[AndroidUiautomator2Driver@1b09 (4dd9307a)]&amp#27;[0m Got response with status 200: {"sessionId":"8d605ba8-ba10-464d-8fc6-4d5ebd3881f5","value":{"capabilities":{"firstMatch":[{"platformName":"ANDROID","app":"C:\\Users\\admin\\IdeaProjects\\AppiumUpskills_TestNGFramework_JDK11\\src\\test\\resources\\General-Store.apk","automationName":"UIAutomator2","platform":"LINUX","webStorageEnabled":false,"takesScreenshot":true,"javascriptEnabled":true,"databaseEnabled":false,"networkConnectionEnabled":true,"locationContextEnabled":false,"warnings":{},"desired":{"platformName":"ANDROID","app":"C:\\Users\\admin\\IdeaProjects\\AppiumUpskills_TestNGFramework_JDK11\\src\\test\\resources\\General-Store.apk","automationName":"UIAutomator2"},"deviceName":"RZ8NA1VZJ1N","deviceUDID":"RZ8NA1VZJ1N","appPackage":"com.androidsample.generalstore"}],"alwaysMatch":{}},"sessionId":"8d605ba8-ba10-464d-8fc6-4d5ebd3881f5"}}
&amp#27;[38;5;32m[AndroidUiautomator2Driver@1b09 (4dd9307a)]&amp#27;[0m Determined the downstream protocol as 'W3C'
&amp#27;[38;5;32m[AndroidUiautomator2Driver@1b09 (4dd9307a)]&amp#27;[0m Proxying [GET /appium/device/pixel_ratio] to [GET http://127.0.0.1:8200/session/8d605ba8-ba10-464d-8fc6-4d5ebd3881f5/appium/device/pixel_ratio] with no body
&amp#27;[38;5;32m[AndroidUiautomator2Driver@1b09 (4dd9307a)]&amp#27;[0m Matched '/appium/device/system_bars' to command name 'getSystemBars'
&amp#27;[38;5;32m[AndroidUiautomator2Driver@1b09 (4dd9307a)]&amp#27;[0m Proxying [GET /appium/device/system_bars] to [GET http://127.0.0.1:8200/session/8d605ba8-ba10-464d-8fc6-4d5ebd3881f5/appium/device/system_bars] with no body
&amp#27;[38;5;32m[AndroidUiautomator2Driver@1b09 (4dd9307a)]&amp#27;[0m Matched '/window/current/size' to command name 'getWindowSize'
&amp#27;[38;5;32m[AndroidUiautomator2Driver@1b09 (4dd9307a)]&amp#27;[0m Proxying [GET /window/current/size] to [GET http://127.0.0.1:8200/session/8d605ba8-ba10-464d-8fc6-4d5ebd3881f5/window/current/size] with no body
&amp#27;[38;5;32m[AndroidUiautomator2Driver@1b09 (4dd9307a)]&amp#27;[0m Proxying [GET /appium/device/info] to [GET http://127.0.0.1:8200/session/8d605ba8-ba10-464d-8fc6-4d5ebd3881f5/appium/device/info] with no body
&amp#27;[38;5;64m[ADB]&amp#27;[0m Running 'C:\Users\admin\AppData\Local\Android\Sdk\platform-tools\adb.exe -P 5037 -s RZ8NA1VZJ1N shell dumpsys window'
&amp#27;[38;5;32m[AndroidUiautomator2Driver@1b09 (4dd9307a)]&amp#27;[0m Got response with status 200: {"sessionId":"8d605ba8-ba10-464d-8fc6-4d5ebd3881f5","value":2.625}
&amp#27;[38;5;32m[AndroidUiautomator2Driver@1b09 (4dd9307a)]&amp#27;[0m Got response with status 200: {"sessionId":"8d605ba8-ba10-464d-8fc6-4d5ebd3881f5","value":{"statusBar":87}}
&amp#27;[38;5;32m[AndroidUiautomator2Driver@1b09 (4dd9307a)]&amp#27;[0m Got response with status 200: {"sessionId":"8d605ba8-ba10-464d-8fc6-4d5ebd3881f5","value":{"height":2186,"width":1080}}
&amp#27;[38;5;32m[AndroidUiautomator2Driver@1b09 (4dd9307a)]&amp#27;[0m Got response with status 200: {"sessionId":"8d605ba8-ba10-464d-8fc6-4d5ebd3881f5","value":{"androidId":"f7b25b95edb894ef","apiVersion":"33","bluetooth":{"state":"OFF"},"brand":"samsung","carrierName":"Telenet","displayDensity":420,"locale":"en_US","manufacturer":"samsung","model":"SM-A515F","networks":[{"capabilities":{"SSID":null,"linkDownBandwidthKbps":22596,"linkUpstreamBandwidthKbps":7054,"networkCapabilities":"NET_CAPABILITY_NOT_METERED,NET_CAPABILITY_INTERNET,NET_CAPABILITY_NOT_RESTRICTED,NET_CAPABILITY_TRUSTED,NET_CAPABILITY_NOT_VPN,NET_CAPABILITY_VALIDATED,NET_CAPABILITY_NOT_ROAMING,NET_CAPABILITY_FOREGROUND,NET_CAPABILITY_NOT_CONGESTED,NET_CAPABILITY_NOT_SUSPENDED","signalStrength":-71,"transportTypes":"TRANSPORT_WIFI"},"detailedState":"CONNECTED","extraInfo":"","isAvailable":true,"isConnected":true,"isFailover":false,"isRoaming":false,"state":"CONNECTED","subtype":-1,"subtypeName":"","type":1,"typeName":"WIFI"},{"capabilities":{"SSID":null,"linkDownBandwidthKbps":30000,"linkUpstreamBandwidthKbps":15000,"networkCapabilities":"...
&amp#27;[38;5;80m[AndroidDriver]&amp#27;[0m Screen already unlocked, doing nothing
&amp#27;[38;5;32m[AndroidUiautomator2Driver@1b09 (4dd9307a)]&amp#27;[0m Starting 'com.androidsample.generalstore/com.androidsample.generalstore.SplashActivity and waiting for 'com.androidsample.generalstore/com.androidsample.generalstore.SplashActivity'
&amp#27;[38;5;64m[ADB]&amp#27;[0m Running 'C:\Users\admin\AppData\Local\Android\Sdk\platform-tools\adb.exe -P 5037 -s RZ8NA1VZJ1N shell am start -W -n com.androidsample.generalstore/com.androidsample.generalstore.SplashActivity -S -a android.intent.action.MAIN -c android.intent.category.LAUNCHER -f 0x10200000'
&amp#27;[38;5;64m[ADB]&amp#27;[0m Waiting up to 20000ms for activity matching pkg: 'com.androidsample.generalstore' and activity: 'com.androidsample.generalstore.SplashActivity' to be focused
&amp#27;[38;5;64m[ADB]&amp#27;[0m Possible activities, to be checked: 'com.androidsample.generalstore.SplashActivity', 'com.androidsample.generalstore.com.androidsample.generalstore.SplashActivity'
&amp#27;[38;5;64m[ADB]&amp#27;[0m Getting focused package and activity
&amp#27;[38;5;64m[ADB]&amp#27;[0m Running 'C:\Users\admin\AppData\Local\Android\Sdk\platform-tools\adb.exe -P 5037 -s RZ8NA1VZJ1N shell dumpsys window displays'
&amp#27;[38;5;64m[ADB]&amp#27;[0m Found package: 'com.androidsample.generalstore' and fully qualified activity name : 'com.androidsample.generalstore.SplashActivity'
&amp#27;[38;5;16m[AppiumDriver@1576]&amp#27;[0m New AndroidUiautomator2Driver session created successfully, session 4dd9307a-7c2e-4e60-8422-cb0d8b0d514f added to master session list
&amp#27;[38;5;16m[AppiumDriver@1576]&amp#27;[0m Event 'newSessionStarted' logged at 1702668279539 (21:24:39 GMT+0200 (Eastern European Standard Time))
&amp#27;[38;5;32m[AndroidUiautomator2Driver@1b09 (4dd9307a)]&amp#27;[0m Cached the protocol value 'W3C' for the new session 4dd9307a-7c2e-4e60-8422-cb0d8b0d514f
&amp#27;[38;5;32m[AndroidUiautomator2Driver@1b09 (4dd9307a)]&amp#27;[0m Responding to client with driver.createSession() result: {"capabilities":{"platformName":"ANDROID","app":"C:\\Users\\admin\\IdeaProjects\\AppiumUpskills_TestNGFramework_JDK11\\src\\test\\resources\\General-Store.apk","automationName":"UIAutomator2","platform":"LINUX","webStorageEnabled":false,"takesScreenshot":true,"javascriptEnabled":true,"databaseEnabled":false,"networkConnectionEnabled":true,"locationContextEnabled":false,"warnings":{},"desired":{"platformName":"ANDROID","app":"C:\\Users\\admin\\IdeaProjects\\AppiumUpskills_TestNGFramework_JDK11\\src\\test\\resources\\General-Store.apk","automationName":"UIAutomator2"},"deviceName":"RZ8NA1VZJ1N","deviceUDID":"RZ8NA1VZJ1N","appPackage":"com.androidsample.generalstore","pixelRatio":"2.625","statBarHeight":87,"viewportRect":{"left":0,"top":87,"width":1080,"height":2099},"deviceApiLevel":33,"platformVersion":"13","deviceManufacturer":"samsung","deviceModel":"SM-A515F","deviceScreenSize":"1080x2400","deviceScreenDensity":420}}
&amp#27;[38;5;0m[HTTP]&amp#27;[0m &amp#27;[37m<-- POST /session &amp#27;[39m&amp#27;[32m200&amp#27;[39m &amp#27;[90m18471 ms - 993&amp#27;[39m
&amp#27;[38;5;0m[HTTP]&amp#27;[0m &amp#27;[90m&amp#27;[39m
&amp#27;[38;5;0m[HTTP]&amp#27;[0m &amp#27;[37m-->&amp#27;[39m &amp#27;[37mPOST&amp#27;[39m &amp#27;[37m/session/4dd9307a-7c2e-4e60-8422-cb0d8b0d514f/timeouts&amp#27;[39m
&amp#27;[38;5;0m[HTTP]&amp#27;[0m &amp#27;[90m{"implicit":60000}&amp#27;[39m
&amp#27;[38;5;32m[AndroidUiautomator2Driver@1b09 (4dd9307a)]&amp#27;[0m Calling AppiumDriver.timeouts() with args: [null,null,null,null,60000,"4dd9307a-7c2e-4e60-8422-cb0d8b0d514f"]
&amp#27;[38;5;32m[AndroidUiautomator2Driver@1b09 (4dd9307a)]&amp#27;[0m W3C timeout argument: {"implicit":60000}}
&amp#27;[38;5;32m[AndroidUiautomator2Driver@1b09 (4dd9307a)]&amp#27;[0m Set implicit wait to 60000ms
&amp#27;[38;5;32m[AndroidUiautomator2Driver@1b09 (4dd9307a)]&amp#27;[0m Responding to client with driver.timeouts() result: null
&amp#27;[38;5;0m[HTTP]&amp#27;[0m &amp#27;[37m<-- POST /session/4dd9307a-7c2e-4e60-8422-cb0d8b0d514f/timeouts &amp#27;[39m&amp#27;[32m200&amp#27;[39m &amp#27;[90m5 ms - 14&amp#27;[39m
&amp#27;[38;5;0m[HTTP]&amp#27;[0m &amp#27;[90m&amp#27;[39m
&amp#27;[38;5;0m[HTTP]&amp#27;[0m &amp#27;[37m-->&amp#27;[39m &amp#27;[37mGET&amp#27;[39m &amp#27;[37m/session/4dd9307a-7c2e-4e60-8422-cb0d8b0d514f/context&amp#27;[39m
&amp#27;[38;5;0m[HTTP]&amp#27;[0m &amp#27;[90m{}&amp#27;[39m
&amp#27;[38;5;32m[AndroidUiautomator2Driver@1b09 (4dd9307a)]&amp#27;[0m Calling AppiumDriver.getCurrentContext() with args: ["4dd9307a-7c2e-4e60-8422-cb0d8b0d514f"]
&amp#27;[38;5;32m[AndroidUiautomator2Driver@1b09 (4dd9307a)]&amp#27;[0m Responding to client with driver.getCurrentContext() result: "NATIVE_APP"
&amp#27;[38;5;0m[HTTP]&amp#27;[0m &amp#27;[37m<-- GET /session/4dd9307a-7c2e-4e60-8422-cb0d8b0d514f/context &amp#27;[39m&amp#27;[32m200&amp#27;[39m &amp#27;[90m7 ms - 22&amp#27;[39m
&amp#27;[38;5;0m[HTTP]&amp#27;[0m &amp#27;[90m&amp#27;[39m
&amp#27;[38;5;0m[HTTP]&amp#27;[0m &amp#27;[37m-->&amp#27;[39m &amp#27;[37mPOST&amp#27;[39m &amp#27;[37m/session/4dd9307a-7c2e-4e60-8422-cb0d8b0d514f/element&amp#27;[39m
&amp#27;[38;5;0m[HTTP]&amp#27;[0m &amp#27;[90m{"using":"id","value":"com.androidsample.generalstore:id/spinnerCountry"}&amp#27;[39m
&amp#27;[38;5;32m[AndroidUiautomator2Driver@1b09 (4dd9307a)]&amp#27;[0m Calling AppiumDriver.findElement() with args: ["id","com.androidsample.generalstore:id/spinnerCountry","4dd9307a-7c2e-4e60-8422-cb0d8b0d514f"]
&amp#27;[38;5;32m[AndroidUiautomator2Driver@1b09 (4dd9307a)]&amp#27;[0m Valid locator strategies for this request: xpath, id, class name, accessibility id, css selector, -android uiautomator
&amp#27;[38;5;32m[AndroidUiautomator2Driver@1b09 (4dd9307a)]&amp#27;[0m Waiting up to 60000 ms for condition
&amp#27;[38;5;32m[AndroidUiautomator2Driver@1b09 (4dd9307a)]&amp#27;[0m Matched '/element' to command name 'findElement'
&amp#27;[38;5;32m[AndroidUiautomator2Driver@1b09 (4dd9307a)]&amp#27;[0m Proxying [POST /element] to [POST http://127.0.0.1:8200/session/8d605ba8-ba10-464d-8fc6-4d5ebd3881f5/element] with body: {"strategy":"id","selector":"com.androidsample.generalstore:id/spinnerCountry","context":"","multiple":false}
&amp#27;[38;5;32m[AndroidUiautomator2Driver@1b09 (4dd9307a)]&amp#27;[0m Got response with status 404: {"sessionId":"8d605ba8-ba10-464d-8fc6-4d5ebd3881f5","value":{"error":"no such element","message":"An element could not be located on the page using the given search parameters","stacktrace":"io.appium.uiautomator2.common.exceptions.ElementNotFoundException: An element could not be located on the page using the given search parameters\n\tat io.appium.uiautomator2.handler.FindElement.safeHandle(FindElement.java:63)\n\tat io.appium.uiautomator2.handler.request.SafeRequestHandler.handle(SafeRequestHandler.java:59)\n\tat io.appium.uiautomator2.server.AppiumServlet.handleRequest(AppiumServlet.java:277)\n\tat io.appium.uiautomator2.server.AppiumServlet.handleHttpRequest(AppiumServlet.java:271)\n\tat io.appium.uiautomator2.http.ServerHandler.channelRead(ServerHandler.java:77)\n\tat io.netty.channel.AbstractChannelHandlerContext.invokeChannelRead(AbstractChannelHandlerContext.java:366)\n\tat io.netty.channel.AbstractChannelHandlerContext.invokeChannelRead(AbstractChannelHandlerContext.java:352)\n\tat io.netty.chann...
&amp#27;[38;5;128m[W3C]&amp#27;[0m Matched W3C error code 'no such element' to NoSuchElementError
&amp#27;[38;5;32m[AndroidUiautomator2Driver@1b09 (4dd9307a)]&amp#27;[0m Waited for 86 ms so far
&amp#27;[38;5;32m[AndroidUiautomator2Driver@1b09 (4dd9307a)]&amp#27;[0m Matched '/element' to command name 'findElement'
&amp#27;[38;5;32m[AndroidUiautomator2Driver@1b09 (4dd9307a)]&amp#27;[0m Proxying [POST /element] to [POST http://127.0.0.1:8200/session/8d605ba8-ba10-464d-8fc6-4d5ebd3881f5/element] with body: {"strategy":"id","selector":"com.androidsample.generalstore:id/spinnerCountry","context":"","multiple":false}
&amp#27;[38;5;32m[AndroidUiautomator2Driver@1b09 (4dd9307a)]&amp#27;[0m Got response with status 404: {"sessionId":"8d605ba8-ba10-464d-8fc6-4d5ebd3881f5","value":{"error":"no such element","message":"An element could not be located on the page using the given search parameters","stacktrace":"io.appium.uiautomator2.common.exceptions.ElementNotFoundException: An element could not be located on the page using the given search parameters\n\tat io.appium.uiautomator2.handler.FindElement.safeHandle(FindElement.java:63)\n\tat io.appium.uiautomator2.handler.request.SafeRequestHandler.handle(SafeRequestHandler.java:59)\n\tat io.appium.uiautomator2.server.AppiumServlet.handleRequest(AppiumServlet.java:277)\n\tat io.appium.uiautomator2.server.AppiumServlet.handleHttpRequest(AppiumServlet.java:271)\n\tat io.appium.uiautomator2.http.ServerHandler.channelRead(ServerHandler.java:77)\n\tat io.netty.channel.AbstractChannelHandlerContext.invokeChannelRead(AbstractChannelHandlerContext.java:366)\n\tat io.netty.channel.AbstractChannelHandlerContext.invokeChannelRead(AbstractChannelHandlerContext.java:352)\n\tat io.netty.chann...
&amp#27;[38;5;128m[W3C]&amp#27;[0m Matched W3C error code 'no such element' to NoSuchElementError
&amp#27;[38;5;32m[AndroidUiautomator2Driver@1b09 (4dd9307a)]&amp#27;[0m Waited for 630 ms so far
&amp#27;[38;5;32m[AndroidUiautomator2Driver@1b09 (4dd9307a)]&amp#27;[0m Matched '/element' to command name 'findElement'
&amp#27;[38;5;32m[AndroidUiautomator2Driver@1b09 (4dd9307a)]&amp#27;[0m Proxying [POST /element] to [POST http://127.0.0.1:8200/session/8d605ba8-ba10-464d-8fc6-4d5ebd3881f5/element] with body: {"strategy":"id","selector":"com.androidsample.generalstore:id/spinnerCountry","context":"","multiple":false}
&amp#27;[38;5;32m[AndroidUiautomator2Driver@1b09 (4dd9307a)]&amp#27;[0m Got response with status 404: {"sessionId":"8d605ba8-ba10-464d-8fc6-4d5ebd3881f5","value":{"error":"no such element","message":"An element could not be located on the page using the given search parameters","stacktrace":"io.appium.uiautomator2.common.exceptions.ElementNotFoundException: An element could not be located on the page using the given search parameters\n\tat io.appium.uiautomator2.handler.FindElement.safeHandle(FindElement.java:63)\n\tat io.appium.uiautomator2.handler.request.SafeRequestHandler.handle(SafeRequestHandler.java:59)\n\tat io.appium.uiautomator2.server.AppiumServlet.handleRequest(AppiumServlet.java:277)\n\tat io.appium.uiautomator2.server.AppiumServlet.handleHttpRequest(AppiumServlet.java:271)\n\tat io.appium.uiautomator2.http.ServerHandler.channelRead(ServerHandler.java:77)\n\tat io.netty.channel.AbstractChannelHandlerContext.invokeChannelRead(AbstractChannelHandlerContext.java:366)\n\tat io.netty.channel.AbstractChannelHandlerContext.invokeChannelRead(AbstractChannelHandlerContext.java:352)\n\tat io.netty.chann...
&amp#27;[38;5;128m[W3C]&amp#27;[0m Matched W3C error code 'no such element' to NoSuchElementError
&amp#27;[38;5;32m[AndroidUiautomator2Driver@1b09 (4dd9307a)]&amp#27;[0m Waited for 1201 ms so far
&amp#27;[38;5;32m[AndroidUiautomator2Driver@1b09 (4dd9307a)]&amp#27;[0m Matched '/element' to command name 'findElement'
&amp#27;[38;5;32m[AndroidUiautomator2Driver@1b09 (4dd9307a)]&amp#27;[0m Proxying [POST /element] to [POST http://127.0.0.1:8200/session/8d605ba8-ba10-464d-8fc6-4d5ebd3881f5/element] with body: {"strategy":"id","selector":"com.androidsample.generalstore:id/spinnerCountry","context":"","multiple":false}
&amp#27;[38;5;32m[AndroidUiautomator2Driver@1b09 (4dd9307a)]&amp#27;[0m Got response with status 200: {"sessionId":"8d605ba8-ba10-464d-8fc6-4d5ebd3881f5","value":{"ELEMENT":"00000000-0000-0053-ffff-ffff0000001a","element-6066-11e4-a52e-4f735466cecf":"00000000-0000-0053-ffff-ffff0000001a"}}
&amp#27;[38;5;32m[AndroidUiautomator2Driver@1b09 (4dd9307a)]&amp#27;[0m Responding to client with driver.findElement() result: {"element-6066-11e4-a52e-4f735466cecf":"00000000-0000-0053-ffff-ffff0000001a","ELEMENT":"00000000-0000-0053-ffff-ffff0000001a"}
&amp#27;[38;5;0m[HTTP]&amp#27;[0m &amp#27;[37m<-- POST /session/4dd9307a-7c2e-4e60-8422-cb0d8b0d514f/element &amp#27;[39m&amp#27;[32m200&amp#27;[39m &amp#27;[90m2277 ms - 137&amp#27;[39m
&amp#27;[38;5;0m[HTTP]&amp#27;[0m &amp#27;[90m&amp#27;[39m
&amp#27;[38;5;0m[HTTP]&amp#27;[0m &amp#27;[37m-->&amp#27;[39m &amp#27;[37mPOST&amp#27;[39m &amp#27;[37m/session/4dd9307a-7c2e-4e60-8422-cb0d8b0d514f/element/00000000-0000-0053-ffff-ffff0000001a/click&amp#27;[39m
&amp#27;[38;5;0m[HTTP]&amp#27;[0m &amp#27;[90m{"id":"00000000-0000-0053-ffff-ffff0000001a"}&amp#27;[39m
&amp#27;[38;5;32m[AndroidUiautomator2Driver@1b09 (4dd9307a)]&amp#27;[0m Calling AppiumDriver.click() with args: ["00000000-0000-0053-ffff-ffff0000001a","4dd9307a-7c2e-4e60-8422-cb0d8b0d514f"]
&amp#27;[38;5;32m[AndroidUiautomator2Driver@1b09 (4dd9307a)]&amp#27;[0m Matched '/element/00000000-0000-0053-ffff-ffff0000001a/click' to command name 'click'
&amp#27;[38;5;32m[AndroidUiautomator2Driver@1b09 (4dd9307a)]&amp#27;[0m Proxying [POST /element/00000000-0000-0053-ffff-ffff0000001a/click] to [POST http://127.0.0.1:8200/session/8d605ba8-ba10-464d-8fc6-4d5ebd3881f5/element/00000000-0000-0053-ffff-ffff0000001a/click] with body: {"element":"00000000-0000-0053-ffff-ffff0000001a"}
&amp#27;[38;5;32m[AndroidUiautomator2Driver@1b09 (4dd9307a)]&amp#27;[0m Got response with status 200: {"sessionId":"8d605ba8-ba10-464d-8fc6-4d5ebd3881f5","value":null}
&amp#27;[38;5;32m[AndroidUiautomator2Driver@1b09 (4dd9307a)]&amp#27;[0m Responding to client with driver.click() result: null
&amp#27;[38;5;0m[HTTP]&amp#27;[0m &amp#27;[37m<-- POST /session/4dd9307a-7c2e-4e60-8422-cb0d8b0d514f/element/00000000-0000-0053-ffff-ffff0000001a/click &amp#27;[39m&amp#27;[32m200&amp#27;[39m &amp#27;[90m714 ms - 14&amp#27;[39m
&amp#27;[38;5;0m[HTTP]&amp#27;[0m &amp#27;[90m&amp#27;[39m
&amp#27;[38;5;0m[HTTP]&amp#27;[0m &amp#27;[37m-->&amp#27;[39m &amp#27;[37mPOST&amp#27;[39m &amp#27;[37m/session/4dd9307a-7c2e-4e60-8422-cb0d8b0d514f/element&amp#27;[39m
&amp#27;[38;5;0m[HTTP]&amp#27;[0m &amp#27;[90m{"using":"-android uiautomator","value":"new UiScrollable(new UiSelector()).scrollIntoView(text(\"Austria\"))"}&amp#27;[39m
&amp#27;[38;5;32m[AndroidUiautomator2Driver@1b09 (4dd9307a)]&amp#27;[0m Calling AppiumDriver.findElement() with args: ["-android uiautomator","new UiScrollable(new UiSelector()).scrollIntoView(text(\"Austria\"))","4dd9307a-7c2e-4e60-8422-cb0d8b0d514f"]
&amp#27;[38;5;32m[AndroidUiautomator2Driver@1b09 (4dd9307a)]&amp#27;[0m Valid locator strategies for this request: xpath, id, class name, accessibility id, css selector, -android uiautomator
&amp#27;[38;5;32m[AndroidUiautomator2Driver@1b09 (4dd9307a)]&amp#27;[0m Waiting up to 60000 ms for condition
&amp#27;[38;5;32m[AndroidUiautomator2Driver@1b09 (4dd9307a)]&amp#27;[0m Matched '/element' to command name 'findElement'
&amp#27;[38;5;32m[AndroidUiautomator2Driver@1b09 (4dd9307a)]&amp#27;[0m Proxying [POST /element] to [POST http://127.0.0.1:8200/session/8d605ba8-ba10-464d-8fc6-4d5ebd3881f5/element] with body: {"strategy":"-android uiautomator","selector":"new UiScrollable(new UiSelector()).scrollIntoView(text(\"Austria\"))","context":"","multiple":false}
&amp#27;[38;5;32m[AndroidUiautomator2Driver@1b09 (4dd9307a)]&amp#27;[0m Got response with status 200: {"sessionId":"8d605ba8-ba10-464d-8fc6-4d5ebd3881f5","value":{"ELEMENT":"00000000-0000-0054-ffff-ffff0000002b","element-6066-11e4-a52e-4f735466cecf":"00000000-0000-0054-ffff-ffff0000002b"}}
&amp#27;[38;5;32m[AndroidUiautomator2Driver@1b09 (4dd9307a)]&amp#27;[0m Responding to client with driver.findElement() result: {"element-6066-11e4-a52e-4f735466cecf":"00000000-0000-0054-ffff-ffff0000002b","ELEMENT":"00000000-0000-0054-ffff-ffff0000002b"}
&amp#27;[38;5;0m[HTTP]&amp#27;[0m &amp#27;[37m<-- POST /session/4dd9307a-7c2e-4e60-8422-cb0d8b0d514f/element &amp#27;[39m&amp#27;[32m200&amp#27;[39m &amp#27;[90m5370 ms - 137&amp#27;[39m
&amp#27;[38;5;0m[HTTP]&amp#27;[0m &amp#27;[90m&amp#27;[39m
&amp#27;[38;5;0m[HTTP]&amp#27;[0m &amp#27;[37m-->&amp#27;[39m &amp#27;[37mPOST&amp#27;[39m &amp#27;[37m/session/4dd9307a-7c2e-4e60-8422-cb0d8b0d514f/element&amp#27;[39m
&amp#27;[38;5;0m[HTTP]&amp#27;[0m &amp#27;[90m{"using":"xpath","value":"//android.widget.TextView[@text=\"Austria\"]"}&amp#27;[39m
&amp#27;[38;5;32m[AndroidUiautomator2Driver@1b09 (4dd9307a)]&amp#27;[0m Calling AppiumDriver.findElement() with args: ["xpath","//android.widget.TextView[@text=\"Austria\"]","4dd9307a-7c2e-4e60-8422-cb0d8b0d514f"]
&amp#27;[38;5;32m[AndroidUiautomator2Driver@1b09 (4dd9307a)]&amp#27;[0m Valid locator strategies for this request: xpath, id, class name, accessibility id, css selector, -android uiautomator
&amp#27;[38;5;32m[AndroidUiautomator2Driver@1b09 (4dd9307a)]&amp#27;[0m Waiting up to 60000 ms for condition
&amp#27;[38;5;32m[AndroidUiautomator2Driver@1b09 (4dd9307a)]&amp#27;[0m Matched '/element' to command name 'findElement'
&amp#27;[38;5;32m[AndroidUiautomator2Driver@1b09 (4dd9307a)]&amp#27;[0m Proxying [POST /element] to [POST http://127.0.0.1:8200/session/8d605ba8-ba10-464d-8fc6-4d5ebd3881f5/element] with body: {"strategy":"xpath","selector":"//android.widget.TextView[@text=\"Austria\"]","context":"","multiple":false}
&amp#27;[38;5;32m[AndroidUiautomator2Driver@1b09 (4dd9307a)]&amp#27;[0m Got response with status 200: {"sessionId":"8d605ba8-ba10-464d-8fc6-4d5ebd3881f5","value":{"ELEMENT":"00000000-0000-0054-ffff-ffff0000002b","element-6066-11e4-a52e-4f735466cecf":"00000000-0000-0054-ffff-ffff0000002b"}}
&amp#27;[38;5;32m[AndroidUiautomator2Driver@1b09 (4dd9307a)]&amp#27;[0m Responding to client with driver.findElement() result: {"element-6066-11e4-a52e-4f735466cecf":"00000000-0000-0054-ffff-ffff0000002b","ELEMENT":"00000000-0000-0054-ffff-ffff0000002b"}
&amp#27;[38;5;0m[HTTP]&amp#27;[0m &amp#27;[37m<-- POST /session/4dd9307a-7c2e-4e60-8422-cb0d8b0d514f/element &amp#27;[39m&amp#27;[32m200&amp#27;[39m &amp#27;[90m520 ms - 137&amp#27;[39m
&amp#27;[38;5;0m[HTTP]&amp#27;[0m &amp#27;[90m&amp#27;[39m
&amp#27;[38;5;0m[HTTP]&amp#27;[0m &amp#27;[37m-->&amp#27;[39m &amp#27;[37mPOST&amp#27;[39m &amp#27;[37m/session/4dd9307a-7c2e-4e60-8422-cb0d8b0d514f/element/00000000-0000-0054-ffff-ffff0000002b/click&amp#27;[39m
&amp#27;[38;5;0m[HTTP]&amp#27;[0m &amp#27;[90m{"id":"00000000-0000-0054-ffff-ffff0000002b"}&amp#27;[39m
&amp#27;[38;5;32m[AndroidUiautomator2Driver@1b09 (4dd9307a)]&amp#27;[0m Calling AppiumDriver.click() with args: ["00000000-0000-0054-ffff-ffff0000002b","4dd9307a-7c2e-4e60-8422-cb0d8b0d514f"]
&amp#27;[38;5;32m[AndroidUiautomator2Driver@1b09 (4dd9307a)]&amp#27;[0m Matched '/element/00000000-0000-0054-ffff-ffff0000002b/click' to command name 'click'
&amp#27;[38;5;32m[AndroidUiautomator2Driver@1b09 (4dd9307a)]&amp#27;[0m Proxying [POST /element/00000000-0000-0054-ffff-ffff0000002b/click] to [POST http://127.0.0.1:8200/session/8d605ba8-ba10-464d-8fc6-4d5ebd3881f5/element/00000000-0000-0054-ffff-ffff0000002b/click] with body: {"element":"00000000-0000-0054-ffff-ffff0000002b"}
&amp#27;[38;5;32m[AndroidUiautomator2Driver@1b09 (4dd9307a)]&amp#27;[0m Got response with status 200: {"sessionId":"8d605ba8-ba10-464d-8fc6-4d5ebd3881f5","value":null}
&amp#27;[38;5;32m[AndroidUiautomator2Driver@1b09 (4dd9307a)]&amp#27;[0m Responding to client with driver.click() result: null
&amp#27;[38;5;0m[HTTP]&amp#27;[0m &amp#27;[37m<-- POST /session/4dd9307a-7c2e-4e60-8422-cb0d8b0d514f/element/00000000-0000-0054-ffff-ffff0000002b/click &amp#27;[39m&amp#27;[32m200&amp#27;[39m &amp#27;[90m746 ms - 14&amp#27;[39m
&amp#27;[38;5;0m[HTTP]&amp#27;[0m &amp#27;[90m&amp#27;[39m
&amp#27;[38;5;0m[HTTP]&amp#27;[0m &amp#27;[37m-->&amp#27;[39m &amp#27;[37mGET&amp#27;[39m &amp#27;[37m/session/4dd9307a-7c2e-4e60-8422-cb0d8b0d514f/context&amp#27;[39m
&amp#27;[38;5;0m[HTTP]&amp#27;[0m &amp#27;[90m{}&amp#27;[39m
&amp#27;[38;5;32m[AndroidUiautomator2Driver@1b09 (4dd9307a)]&amp#27;[0m Calling AppiumDriver.getCurrentContext() with args: ["4dd9307a-7c2e-4e60-8422-cb0d8b0d514f"]
&amp#27;[38;5;32m[AndroidUiautomator2Driver@1b09 (4dd9307a)]&amp#27;[0m Responding to client with driver.getCurrentContext() result: "NATIVE_APP"
&amp#27;[38;5;0m[HTTP]&amp#27;[0m &amp#27;[37m<-- GET /session/4dd9307a-7c2e-4e60-8422-cb0d8b0d514f/context &amp#27;[39m&amp#27;[32m200&amp#27;[39m &amp#27;[90m9 ms - 22&amp#27;[39m
&amp#27;[38;5;0m[HTTP]&amp#27;[0m &amp#27;[90m&amp#27;[39m
&amp#27;[38;5;0m[HTTP]&amp#27;[0m &amp#27;[37m-->&amp#27;[39m &amp#27;[37mPOST&amp#27;[39m &amp#27;[37m/session/4dd9307a-7c2e-4e60-8422-cb0d8b0d514f/element&amp#27;[39m
&amp#27;[38;5;0m[HTTP]&amp#27;[0m &amp#27;[90m{"using":"id","value":"com.androidsample.generalstore:id/nameField"}&amp#27;[39m
&amp#27;[38;5;32m[AndroidUiautomator2Driver@1b09 (4dd9307a)]&amp#27;[0m Calling AppiumDriver.findElement() with args: ["id","com.androidsample.generalstore:id/nameField","4dd9307a-7c2e-4e60-8422-cb0d8b0d514f"]
&amp#27;[38;5;32m[AndroidUiautomator2Driver@1b09 (4dd9307a)]&amp#27;[0m Valid locator strategies for this request: xpath, id, class name, accessibility id, css selector, -android uiautomator
&amp#27;[38;5;32m[AndroidUiautomator2Driver@1b09 (4dd9307a)]&amp#27;[0m Waiting up to 60000 ms for condition
&amp#27;[38;5;32m[AndroidUiautomator2Driver@1b09 (4dd9307a)]&amp#27;[0m Matched '/element' to command name 'findElement'
&amp#27;[38;5;32m[AndroidUiautomator2Driver@1b09 (4dd9307a)]&amp#27;[0m Proxying [POST /element] to [POST http://127.0.0.1:8200/session/8d605ba8-ba10-464d-8fc6-4d5ebd3881f5/element] with body: {"strategy":"id","selector":"com.androidsample.generalstore:id/nameField","context":"","multiple":false}
&amp#27;[38;5;32m[AndroidUiautomator2Driver@1b09 (4dd9307a)]&amp#27;[0m Got response with status 200: {"sessionId":"8d605ba8-ba10-464d-8fc6-4d5ebd3881f5","value":{"ELEMENT":"00000000-0000-0053-ffff-ffff0000001c","element-6066-11e4-a52e-4f735466cecf":"00000000-0000-0053-ffff-ffff0000001c"}}
&amp#27;[38;5;32m[AndroidUiautomator2Driver@1b09 (4dd9307a)]&amp#27;[0m Responding to client with driver.findElement() result: {"element-6066-11e4-a52e-4f735466cecf":"00000000-0000-0053-ffff-ffff0000001c","ELEMENT":"00000000-0000-0053-ffff-ffff0000001c"}
&amp#27;[38;5;0m[HTTP]&amp#27;[0m &amp#27;[37m<-- POST /session/4dd9307a-7c2e-4e60-8422-cb0d8b0d514f/element &amp#27;[39m&amp#27;[32m200&amp#27;[39m &amp#27;[90m110 ms - 137&amp#27;[39m
&amp#27;[38;5;0m[HTTP]&amp#27;[0m &amp#27;[90m&amp#27;[39m
&amp#27;[38;5;0m[HTTP]&amp#27;[0m &amp#27;[37m-->&amp#27;[39m &amp#27;[37mPOST&amp#27;[39m &amp#27;[37m/session/4dd9307a-7c2e-4e60-8422-cb0d8b0d514f/element/00000000-0000-0053-ffff-ffff0000001c/value&amp#27;[39m
&amp#27;[38;5;0m[HTTP]&amp#27;[0m &amp#27;[90m{"id":"00000000-0000-0053-ffff-ffff0000001c","text":"Safinaz","value":["S","a","f","i","n","a","z"]}&amp#27;[39m
&amp#27;[38;5;32m[AndroidUiautomator2Driver@1b09 (4dd9307a)]&amp#27;[0m Calling AppiumDriver.setValue() with args: [["S","a","f","i","n","a","z"],"00000000-0000-0053-ffff-ffff0000001c","4dd9307a-7c2e-4e60-8422-cb0d8b0d514f"]
&amp#27;[38;5;32m[AndroidUiautomator2Driver@1b09 (4dd9307a)]&amp#27;[0m Matched '/element/00000000-0000-0053-ffff-ffff0000001c/value' to command name 'setValue'
&amp#27;[38;5;32m[AndroidUiautomator2Driver@1b09 (4dd9307a)]&amp#27;[0m Added 'value' property ["S","a","f","i","n","a","z"] to 'setValue' request body
&amp#27;[38;5;32m[AndroidUiautomator2Driver@1b09 (4dd9307a)]&amp#27;[0m Proxying [POST /element/00000000-0000-0053-ffff-ffff0000001c/value] to [POST http://127.0.0.1:8200/session/8d605ba8-ba10-464d-8fc6-4d5ebd3881f5/element/00000000-0000-0053-ffff-ffff0000001c/value] with body: {"elementId":"00000000-0000-0053-ffff-ffff0000001c","text":"Safinaz","replace":false,"value":["S","a","f","i","n","a","z"]}
&amp#27;[38;5;32m[AndroidUiautomator2Driver@1b09 (4dd9307a)]&amp#27;[0m Got response with status 200: {"sessionId":"8d605ba8-ba10-464d-8fc6-4d5ebd3881f5","value":null}
&amp#27;[38;5;32m[AndroidUiautomator2Driver@1b09 (4dd9307a)]&amp#27;[0m Responding to client with driver.setValue() result: null
&amp#27;[38;5;0m[HTTP]&amp#27;[0m &amp#27;[37m<-- POST /session/4dd9307a-7c2e-4e60-8422-cb0d8b0d514f/element/00000000-0000-0053-ffff-ffff0000001c/value &amp#27;[39m&amp#27;[32m200&amp#27;[39m &amp#27;[90m639 ms - 14&amp#27;[39m
&amp#27;[38;5;0m[HTTP]&amp#27;[0m &amp#27;[90m&amp#27;[39m
&amp#27;[38;5;0m[HTTP]&amp#27;[0m &amp#27;[37m-->&amp#27;[39m &amp#27;[37mGET&amp#27;[39m &amp#27;[37m/session/4dd9307a-7c2e-4e60-8422-cb0d8b0d514f/context&amp#27;[39m
&amp#27;[38;5;0m[HTTP]&amp#27;[0m &amp#27;[90m{}&amp#27;[39m
&amp#27;[38;5;32m[AndroidUiautomator2Driver@1b09 (4dd9307a)]&amp#27;[0m Calling AppiumDriver.getCurrentContext() with args: ["4dd9307a-7c2e-4e60-8422-cb0d8b0d514f"]
&amp#27;[38;5;32m[AndroidUiautomator2Driver@1b09 (4dd9307a)]&amp#27;[0m Responding to client with driver.getCurrentContext() result: "NATIVE_APP"
&amp#27;[38;5;0m[HTTP]&amp#27;[0m &amp#27;[37m<-- GET /session/4dd9307a-7c2e-4e60-8422-cb0d8b0d514f/context &amp#27;[39m&amp#27;[32m200&amp#27;[39m &amp#27;[90m3 ms - 22&amp#27;[39m
&amp#27;[38;5;0m[HTTP]&amp#27;[0m &amp#27;[90m&amp#27;[39m
&amp#27;[38;5;0m[HTTP]&amp#27;[0m &amp#27;[37m-->&amp#27;[39m &amp#27;[37mPOST&amp#27;[39m &amp#27;[37m/session/4dd9307a-7c2e-4e60-8422-cb0d8b0d514f/element&amp#27;[39m
&amp#27;[38;5;0m[HTTP]&amp#27;[0m &amp#27;[90m{"using":"id","value":"com.androidsample.generalstore:id/radioFemale"}&amp#27;[39m
&amp#27;[38;5;32m[AndroidUiautomator2Driver@1b09 (4dd9307a)]&amp#27;[0m Calling AppiumDriver.findElement() with args: ["id","com.androidsample.generalstore:id/radioFemale","4dd9307a-7c2e-4e60-8422-cb0d8b0d514f"]
&amp#27;[38;5;32m[AndroidUiautomator2Driver@1b09 (4dd9307a)]&amp#27;[0m Valid locator strategies for this request: xpath, id, class name, accessibility id, css selector, -android uiautomator
&amp#27;[38;5;32m[AndroidUiautomator2Driver@1b09 (4dd9307a)]&amp#27;[0m Waiting up to 60000 ms for condition
&amp#27;[38;5;32m[AndroidUiautomator2Driver@1b09 (4dd9307a)]&amp#27;[0m Matched '/element' to command name 'findElement'
&amp#27;[38;5;32m[AndroidUiautomator2Driver@1b09 (4dd9307a)]&amp#27;[0m Proxying [POST /element] to [POST http://127.0.0.1:8200/session/8d605ba8-ba10-464d-8fc6-4d5ebd3881f5/element] with body: {"strategy":"id","selector":"com.androidsample.generalstore:id/radioFemale","context":"","multiple":false}
&amp#27;[38;5;32m[AndroidUiautomator2Driver@1b09 (4dd9307a)]&amp#27;[0m Got response with status 200: {"sessionId":"8d605ba8-ba10-464d-8fc6-4d5ebd3881f5","value":{"ELEMENT":"00000000-0000-0053-ffff-ffff00000020","element-6066-11e4-a52e-4f735466cecf":"00000000-0000-0053-ffff-ffff00000020"}}
&amp#27;[38;5;32m[AndroidUiautomator2Driver@1b09 (4dd9307a)]&amp#27;[0m Responding to client with driver.findElement() result: {"element-6066-11e4-a52e-4f735466cecf":"00000000-0000-0053-ffff-ffff00000020","ELEMENT":"00000000-0000-0053-ffff-ffff00000020"}
&amp#27;[38;5;0m[HTTP]&amp#27;[0m &amp#27;[37m<-- POST /session/4dd9307a-7c2e-4e60-8422-cb0d8b0d514f/element &amp#27;[39m&amp#27;[32m200&amp#27;[39m &amp#27;[90m557 ms - 137&amp#27;[39m
&amp#27;[38;5;0m[HTTP]&amp#27;[0m &amp#27;[90m&amp#27;[39m
&amp#27;[38;5;0m[HTTP]&amp#27;[0m &amp#27;[37m-->&amp#27;[39m &amp#27;[37mPOST&amp#27;[39m &amp#27;[37m/session/4dd9307a-7c2e-4e60-8422-cb0d8b0d514f/element/00000000-0000-0053-ffff-ffff00000020/click&amp#27;[39m
&amp#27;[38;5;0m[HTTP]&amp#27;[0m &amp#27;[90m{"id":"00000000-0000-0053-ffff-ffff00000020"}&amp#27;[39m
&amp#27;[38;5;32m[AndroidUiautomator2Driver@1b09 (4dd9307a)]&amp#27;[0m Calling AppiumDriver.click() with args: ["00000000-0000-0053-ffff-ffff00000020","4dd9307a-7c2e-4e60-8422-cb0d8b0d514f"]
&amp#27;[38;5;32m[AndroidUiautomator2Driver@1b09 (4dd9307a)]&amp#27;[0m Matched '/element/00000000-0000-0053-ffff-ffff00000020/click' to command name 'click'
&amp#27;[38;5;32m[AndroidUiautomator2Driver@1b09 (4dd9307a)]&amp#27;[0m Proxying [POST /element/00000000-0000-0053-ffff-ffff00000020/click] to [POST http://127.0.0.1:8200/session/8d605ba8-ba10-464d-8fc6-4d5ebd3881f5/element/00000000-0000-0053-ffff-ffff00000020/click] with body: {"element":"00000000-0000-0053-ffff-ffff00000020"}
&amp#27;[38;5;32m[AndroidUiautomator2Driver@1b09 (4dd9307a)]&amp#27;[0m Got response with status 200: {"sessionId":"8d605ba8-ba10-464d-8fc6-4d5ebd3881f5","value":null}
&amp#27;[38;5;32m[AndroidUiautomator2Driver@1b09 (4dd9307a)]&amp#27;[0m Responding to client with driver.click() result: null
&amp#27;[38;5;0m[HTTP]&amp#27;[0m &amp#27;[37m<-- POST /session/4dd9307a-7c2e-4e60-8422-cb0d8b0d514f/element/00000000-0000-0053-ffff-ffff00000020/click &amp#27;[39m&amp#27;[32m200&amp#27;[39m &amp#27;[90m82 ms - 14&amp#27;[39m
&amp#27;[38;5;0m[HTTP]&amp#27;[0m &amp#27;[90m&amp#27;[39m
&amp#27;[38;5;0m[HTTP]&amp#27;[0m &amp#27;[37m-->&amp#27;[39m &amp#27;[37mGET&amp#27;[39m &amp#27;[37m/session/4dd9307a-7c2e-4e60-8422-cb0d8b0d514f/context&amp#27;[39m
&amp#27;[38;5;0m[HTTP]&amp#27;[0m &amp#27;[90m{}&amp#27;[39m
&amp#27;[38;5;32m[AndroidUiautomator2Driver@1b09 (4dd9307a)]&amp#27;[0m Calling AppiumDriver.getCurrentContext() with args: ["4dd9307a-7c2e-4e60-8422-cb0d8b0d514f"]
&amp#27;[38;5;32m[AndroidUiautomator2Driver@1b09 (4dd9307a)]&amp#27;[0m Responding to client with driver.getCurrentContext() result: "NATIVE_APP"
&amp#27;[38;5;0m[HTTP]&amp#27;[0m &amp#27;[37m<-- GET /session/4dd9307a-7c2e-4e60-8422-cb0d8b0d514f/context &amp#27;[39m&amp#27;[32m200&amp#27;[39m &amp#27;[90m3 ms - 22&amp#27;[39m
&amp#27;[38;5;0m[HTTP]&amp#27;[0m &amp#27;[90m&amp#27;[39m
&amp#27;[38;5;0m[HTTP]&amp#27;[0m &amp#27;[37m-->&amp#27;[39m &amp#27;[37mPOST&amp#27;[39m &amp#27;[37m/session/4dd9307a-7c2e-4e60-8422-cb0d8b0d514f/element&amp#27;[39m
&amp#27;[38;5;0m[HTTP]&amp#27;[0m &amp#27;[90m{"using":"id","value":"com.androidsample.generalstore:id/btnLetsShop"}&amp#27;[39m
&amp#27;[38;5;32m[AndroidUiautomator2Driver@1b09 (4dd9307a)]&amp#27;[0m Calling AppiumDriver.findElement() with args: ["id","com.androidsample.generalstore:id/btnLetsShop","4dd9307a-7c2e-4e60-8422-cb0d8b0d514f"]
&amp#27;[38;5;32m[AndroidUiautomator2Driver@1b09 (4dd9307a)]&amp#27;[0m Valid locator strategies for this request: xpath, id, class name, accessibility id, css selector, -android uiautomator
&amp#27;[38;5;32m[AndroidUiautomator2Driver@1b09 (4dd9307a)]&amp#27;[0m Waiting up to 60000 ms for condition
&amp#27;[38;5;32m[AndroidUiautomator2Driver@1b09 (4dd9307a)]&amp#27;[0m Matched '/element' to command name 'findElement'
&amp#27;[38;5;32m[AndroidUiautomator2Driver@1b09 (4dd9307a)]&amp#27;[0m Proxying [POST /element] to [POST http://127.0.0.1:8200/session/8d605ba8-ba10-464d-8fc6-4d5ebd3881f5/element] with body: {"strategy":"id","selector":"com.androidsample.generalstore:id/btnLetsShop","context":"","multiple":false}
&amp#27;[38;5;32m[AndroidUiautomator2Driver@1b09 (4dd9307a)]&amp#27;[0m Got response with status 200: {"sessionId":"8d605ba8-ba10-464d-8fc6-4d5ebd3881f5","value":{"ELEMENT":"00000000-0000-0053-ffff-ffff00000021","element-6066-11e4-a52e-4f735466cecf":"00000000-0000-0053-ffff-ffff00000021"}}
&amp#27;[38;5;32m[AndroidUiautomator2Driver@1b09 (4dd9307a)]&amp#27;[0m Responding to client with driver.findElement() result: {"element-6066-11e4-a52e-4f735466cecf":"00000000-0000-0053-ffff-ffff00000021","ELEMENT":"00000000-0000-0053-ffff-ffff00000021"}
&amp#27;[38;5;0m[HTTP]&amp#27;[0m &amp#27;[37m<-- POST /session/4dd9307a-7c2e-4e60-8422-cb0d8b0d514f/element &amp#27;[39m&amp#27;[32m200&amp#27;[39m &amp#27;[90m89 ms - 137&amp#27;[39m
&amp#27;[38;5;0m[HTTP]&amp#27;[0m &amp#27;[90m&amp#27;[39m
&amp#27;[38;5;0m[HTTP]&amp#27;[0m &amp#27;[37m-->&amp#27;[39m &amp#27;[37mPOST&amp#27;[39m &amp#27;[37m/session/4dd9307a-7c2e-4e60-8422-cb0d8b0d514f/element/00000000-0000-0053-ffff-ffff00000021/click&amp#27;[39m
&amp#27;[38;5;0m[HTTP]&amp#27;[0m &amp#27;[90m{"id":"00000000-0000-0053-ffff-ffff00000021"}&amp#27;[39m
&amp#27;[38;5;32m[AndroidUiautomator2Driver@1b09 (4dd9307a)]&amp#27;[0m Calling AppiumDriver.click() with args: ["00000000-0000-0053-ffff-ffff00000021","4dd9307a-7c2e-4e60-8422-cb0d8b0d514f"]
&amp#27;[38;5;32m[AndroidUiautomator2Driver@1b09 (4dd9307a)]&amp#27;[0m Matched '/element/00000000-0000-0053-ffff-ffff00000021/click' to command name 'click'
&amp#27;[38;5;32m[AndroidUiautomator2Driver@1b09 (4dd9307a)]&amp#27;[0m Proxying [POST /element/00000000-0000-0053-ffff-ffff00000021/click] to [POST http://127.0.0.1:8200/session/8d605ba8-ba10-464d-8fc6-4d5ebd3881f5/element/00000000-0000-0053-ffff-ffff00000021/click] with body: {"element":"00000000-0000-0053-ffff-ffff00000021"}
&amp#27;[38;5;32m[AndroidUiautomator2Driver@1b09 (4dd9307a)]&amp#27;[0m Got response with status 200: {"sessionId":"8d605ba8-ba10-464d-8fc6-4d5ebd3881f5","value":null}
&amp#27;[38;5;32m[AndroidUiautomator2Driver@1b09 (4dd9307a)]&amp#27;[0m Responding to client with driver.click() result: null
&amp#27;[38;5;0m[HTTP]&amp#27;[0m &amp#27;[37m<-- POST /session/4dd9307a-7c2e-4e60-8422-cb0d8b0d514f/element/00000000-0000-0053-ffff-ffff00000021/click &amp#27;[39m&amp#27;[32m200&amp#27;[39m &amp#27;[90m589 ms - 14&amp#27;[39m
&amp#27;[38;5;0m[HTTP]&amp#27;[0m &amp#27;[90m&amp#27;[39m
&amp#27;[38;5;0m[HTTP]&amp#27;[0m &amp#27;[37m-->&amp#27;[39m &amp#27;[37mPOST&amp#27;[39m &amp#27;[37m/session/4dd9307a-7c2e-4e60-8422-cb0d8b0d514f/element&amp#27;[39m
&amp#27;[38;5;0m[HTTP]&amp#27;[0m &amp#27;[90m{"using":"-android uiautomator","value":"new UiScrollable(new UiSelector()).scrollIntoView(text(\"Converse All Star\"))"}&amp#27;[39m
&amp#27;[38;5;32m[AndroidUiautomator2Driver@1b09 (4dd9307a)]&amp#27;[0m Calling AppiumDriver.findElement() with args: ["-android uiautomator","new UiScrollable(new UiSelector()).scrollIntoView(text(\"Converse All Star\"))","4dd9307a-7c2e-4e60-8422-cb0d8b0d514f"]
&amp#27;[38;5;32m[AndroidUiautomator2Driver@1b09 (4dd9307a)]&amp#27;[0m Valid locator strategies for this request: xpath, id, class name, accessibility id, css selector, -android uiautomator
&amp#27;[38;5;32m[AndroidUiautomator2Driver@1b09 (4dd9307a)]&amp#27;[0m Waiting up to 60000 ms for condition
&amp#27;[38;5;32m[AndroidUiautomator2Driver@1b09 (4dd9307a)]&amp#27;[0m Matched '/element' to command name 'findElement'
&amp#27;[38;5;32m[AndroidUiautomator2Driver@1b09 (4dd9307a)]&amp#27;[0m Proxying [POST /element] to [POST http://127.0.0.1:8200/session/8d605ba8-ba10-464d-8fc6-4d5ebd3881f5/element] with body: {"strategy":"-android uiautomator","selector":"new UiScrollable(new UiSelector()).scrollIntoView(text(\"Converse All Star\"))","context":"","multiple":false}
&amp#27;[38;5;32m[AndroidUiautomator2Driver@1b09 (4dd9307a)]&amp#27;[0m Got response with status 200: {"sessionId":"8d605ba8-ba10-464d-8fc6-4d5ebd3881f5","value":{"ELEMENT":"00000000-0000-0055-ffff-ffff00000067","element-6066-11e4-a52e-4f735466cecf":"00000000-0000-0055-ffff-ffff00000067"}}
&amp#27;[38;5;32m[AndroidUiautomator2Driver@1b09 (4dd9307a)]&amp#27;[0m Responding to client with driver.findElement() result: {"element-6066-11e4-a52e-4f735466cecf":"00000000-0000-0055-ffff-ffff00000067","ELEMENT":"00000000-0000-0055-ffff-ffff00000067"}
&amp#27;[38;5;0m[HTTP]&amp#27;[0m &amp#27;[37m<-- POST /session/4dd9307a-7c2e-4e60-8422-cb0d8b0d514f/element &amp#27;[39m&amp#27;[32m200&amp#27;[39m &amp#27;[90m5403 ms - 137&amp#27;[39m
&amp#27;[38;5;0m[HTTP]&amp#27;[0m &amp#27;[90m&amp#27;[39m
&amp#27;[38;5;0m[HTTP]&amp#27;[0m &amp#27;[37m-->&amp#27;[39m &amp#27;[37mGET&amp#27;[39m &amp#27;[37m/session/4dd9307a-7c2e-4e60-8422-cb0d8b0d514f/context&amp#27;[39m
&amp#27;[38;5;0m[HTTP]&amp#27;[0m &amp#27;[90m{}&amp#27;[39m
&amp#27;[38;5;32m[AndroidUiautomator2Driver@1b09 (4dd9307a)]&amp#27;[0m Calling AppiumDriver.getCurrentContext() with args: ["4dd9307a-7c2e-4e60-8422-cb0d8b0d514f"]
&amp#27;[38;5;32m[AndroidUiautomator2Driver@1b09 (4dd9307a)]&amp#27;[0m Responding to client with driver.getCurrentContext() result: "NATIVE_APP"
&amp#27;[38;5;0m[HTTP]&amp#27;[0m &amp#27;[37m<-- GET /session/4dd9307a-7c2e-4e60-8422-cb0d8b0d514f/context &amp#27;[39m&amp#27;[32m200&amp#27;[39m &amp#27;[90m4 ms - 22&amp#27;[39m
&amp#27;[38;5;0m[HTTP]&amp#27;[0m &amp#27;[90m&amp#27;[39m
&amp#27;[38;5;0m[HTTP]&amp#27;[0m &amp#27;[37m-->&amp#27;[39m &amp#27;[37mPOST&amp#27;[39m &amp#27;[37m/session/4dd9307a-7c2e-4e60-8422-cb0d8b0d514f/elements&amp#27;[39m
&amp#27;[38;5;0m[HTTP]&amp#27;[0m &amp#27;[90m{"using":"xpath","value":"//android.widget.TextView[@text=\"ADD TO CART\"]"}&amp#27;[39m
&amp#27;[38;5;32m[AndroidUiautomator2Driver@1b09 (4dd9307a)]&amp#27;[0m Calling AppiumDriver.findElements() with args: ["xpath","//android.widget.TextView[@text=\"ADD TO CART\"]","4dd9307a-7c2e-4e60-8422-cb0d8b0d514f"]
&amp#27;[38;5;32m[AndroidUiautomator2Driver@1b09 (4dd9307a)]&amp#27;[0m Valid locator strategies for this request: xpath, id, class name, accessibility id, css selector, -android uiautomator
&amp#27;[38;5;32m[AndroidUiautomator2Driver@1b09 (4dd9307a)]&amp#27;[0m Waiting up to 60000 ms for condition
&amp#27;[38;5;32m[AndroidUiautomator2Driver@1b09 (4dd9307a)]&amp#27;[0m Matched '/elements' to command name 'findElements'
&amp#27;[38;5;32m[AndroidUiautomator2Driver@1b09 (4dd9307a)]&amp#27;[0m Proxying [POST /elements] to [POST http://127.0.0.1:8200/session/8d605ba8-ba10-464d-8fc6-4d5ebd3881f5/elements] with body: {"strategy":"xpath","selector":"//android.widget.TextView[@text=\"ADD TO CART\"]","context":"","multiple":true}
&amp#27;[38;5;32m[AndroidUiautomator2Driver@1b09 (4dd9307a)]&amp#27;[0m Got response with status 200: {"sessionId":"8d605ba8-ba10-464d-8fc6-4d5ebd3881f5","value":[{"ELEMENT":"00000000-0000-0055-ffff-ffff0000006b","element-6066-11e4-a52e-4f735466cecf":"00000000-0000-0055-ffff-ffff0000006b"},{"ELEMENT":"00000000-0000-0055-ffff-ffff00000073","element-6066-11e4-a52e-4f735466cecf":"00000000-0000-0055-ffff-ffff00000073"}]}
&amp#27;[38;5;32m[AndroidUiautomator2Driver@1b09 (4dd9307a)]&amp#27;[0m Responding to client with driver.findElements() result: [{"element-6066-11e4-a52e-4f735466cecf":"00000000-0000-0055-ffff-ffff0000006b","ELEMENT":"00000000-0000-0055-ffff-ffff0000006b"},{"element-6066-11e4-a52e-4f735466cecf":"00000000-0000-0055-ffff-ffff00000073","ELEMENT":"00000000-0000-0055-ffff-ffff00000073"}]
&amp#27;[38;5;0m[HTTP]&amp#27;[0m &amp#27;[37m<-- POST /session/4dd9307a-7c2e-4e60-8422-cb0d8b0d514f/elements &amp#27;[39m&amp#27;[32m200&amp#27;[39m &amp#27;[90m313 ms - 267&amp#27;[39m
&amp#27;[38;5;0m[HTTP]&amp#27;[0m &amp#27;[90m&amp#27;[39m
&amp#27;[38;5;0m[HTTP]&amp#27;[0m &amp#27;[37m-->&amp#27;[39m &amp#27;[37mPOST&amp#27;[39m &amp#27;[37m/session/4dd9307a-7c2e-4e60-8422-cb0d8b0d514f/element/00000000-0000-0055-ffff-ffff00000073/click&amp#27;[39m
&amp#27;[38;5;0m[HTTP]&amp#27;[0m &amp#27;[90m{"id":"00000000-0000-0055-ffff-ffff00000073"}&amp#27;[39m
&amp#27;[38;5;32m[AndroidUiautomator2Driver@1b09 (4dd9307a)]&amp#27;[0m Calling AppiumDriver.click() with args: ["00000000-0000-0055-ffff-ffff00000073","4dd9307a-7c2e-4e60-8422-cb0d8b0d514f"]
&amp#27;[38;5;32m[AndroidUiautomator2Driver@1b09 (4dd9307a)]&amp#27;[0m Matched '/element/00000000-0000-0055-ffff-ffff00000073/click' to command name 'click'
&amp#27;[38;5;32m[AndroidUiautomator2Driver@1b09 (4dd9307a)]&amp#27;[0m Proxying [POST /element/00000000-0000-0055-ffff-ffff00000073/click] to [POST http://127.0.0.1:8200/session/8d605ba8-ba10-464d-8fc6-4d5ebd3881f5/element/00000000-0000-0055-ffff-ffff00000073/click] with body: {"element":"00000000-0000-0055-ffff-ffff00000073"}
&amp#27;[38;5;32m[AndroidUiautomator2Driver@1b09 (4dd9307a)]&amp#27;[0m Got response with status 200: {"sessionId":"8d605ba8-ba10-464d-8fc6-4d5ebd3881f5","value":null}
&amp#27;[38;5;32m[AndroidUiautomator2Driver@1b09 (4dd9307a)]&amp#27;[0m Responding to client with driver.click() result: null
&amp#27;[38;5;0m[HTTP]&amp#27;[0m &amp#27;[37m<-- POST /session/4dd9307a-7c2e-4e60-8422-cb0d8b0d514f/element/00000000-0000-0055-ffff-ffff00000073/click &amp#27;[39m&amp#27;[32m200&amp#27;[39m &amp#27;[90m600 ms - 14&amp#27;[39m
&amp#27;[38;5;0m[HTTP]&amp#27;[0m &amp#27;[90m&amp#27;[39m
&amp#27;[38;5;0m[HTTP]&amp#27;[0m &amp#27;[37m-->&amp#27;[39m &amp#27;[37mPOST&amp#27;[39m &amp#27;[37m/session/4dd9307a-7c2e-4e60-8422-cb0d8b0d514f/element&amp#27;[39m
&amp#27;[38;5;0m[HTTP]&amp#27;[0m &amp#27;[90m{"using":"-android uiautomator","value":"new UiScrollable(new UiSelector()).scrollIntoView(text(\"LeBron Soldier 12 \"))"}&amp#27;[39m
&amp#27;[38;5;32m[AndroidUiautomator2Driver@1b09 (4dd9307a)]&amp#27;[0m Calling AppiumDriver.findElement() with args: ["-android uiautomator","new UiScrollable(new UiSelector()).scrollIntoView(text(\"LeBron Soldier 12 \"))","4dd9307a-7c2e-4e60-8422-cb0d8b0d514f"]
&amp#27;[38;5;32m[AndroidUiautomator2Driver@1b09 (4dd9307a)]&amp#27;[0m Valid locator strategies for this request: xpath, id, class name, accessibility id, css selector, -android uiautomator
&amp#27;[38;5;32m[AndroidUiautomator2Driver@1b09 (4dd9307a)]&amp#27;[0m Waiting up to 60000 ms for condition
&amp#27;[38;5;32m[AndroidUiautomator2Driver@1b09 (4dd9307a)]&amp#27;[0m Matched '/element' to command name 'findElement'
&amp#27;[38;5;32m[AndroidUiautomator2Driver@1b09 (4dd9307a)]&amp#27;[0m Proxying [POST /element] to [POST http://127.0.0.1:8200/session/8d605ba8-ba10-464d-8fc6-4d5ebd3881f5/element] with body: {"strategy":"-android uiautomator","selector":"new UiScrollable(new UiSelector()).scrollIntoView(text(\"LeBron Soldier 12 \"))","context":"","multiple":false}
&amp#27;[38;5;32m[AndroidUiautomator2Driver@1b09 (4dd9307a)]&amp#27;[0m Got response with status 200: {"sessionId":"8d605ba8-ba10-464d-8fc6-4d5ebd3881f5","value":{"ELEMENT":"00000000-0000-0055-ffff-ffff0000004e","element-6066-11e4-a52e-4f735466cecf":"00000000-0000-0055-ffff-ffff0000004e"}}
&amp#27;[38;5;32m[AndroidUiautomator2Driver@1b09 (4dd9307a)]&amp#27;[0m Responding to client with driver.findElement() result: {"element-6066-11e4-a52e-4f735466cecf":"00000000-0000-0055-ffff-ffff0000004e","ELEMENT":"00000000-0000-0055-ffff-ffff0000004e"}
&amp#27;[38;5;0m[HTTP]&amp#27;[0m &amp#27;[37m<-- POST /session/4dd9307a-7c2e-4e60-8422-cb0d8b0d514f/element &amp#27;[39m&amp#27;[32m200&amp#27;[39m &amp#27;[90m9526 ms - 137&amp#27;[39m
&amp#27;[38;5;0m[HTTP]&amp#27;[0m &amp#27;[90m&amp#27;[39m
&amp#27;[38;5;0m[HTTP]&amp#27;[0m &amp#27;[37m-->&amp#27;[39m &amp#27;[37mGET&amp#27;[39m &amp#27;[37m/session/4dd9307a-7c2e-4e60-8422-cb0d8b0d514f/context&amp#27;[39m
&amp#27;[38;5;0m[HTTP]&amp#27;[0m &amp#27;[90m{}&amp#27;[39m
&amp#27;[38;5;32m[AndroidUiautomator2Driver@1b09 (4dd9307a)]&amp#27;[0m Calling AppiumDriver.getCurrentContext() with args: ["4dd9307a-7c2e-4e60-8422-cb0d8b0d514f"]
&amp#27;[38;5;32m[AndroidUiautomator2Driver@1b09 (4dd9307a)]&amp#27;[0m Responding to client with driver.getCurrentContext() result: "NATIVE_APP"
&amp#27;[38;5;0m[HTTP]&amp#27;[0m &amp#27;[37m<-- GET /session/4dd9307a-7c2e-4e60-8422-cb0d8b0d514f/context &amp#27;[39m&amp#27;[32m200&amp#27;[39m &amp#27;[90m4 ms - 22&amp#27;[39m
&amp#27;[38;5;0m[HTTP]&amp#27;[0m &amp#27;[90m&amp#27;[39m
&amp#27;[38;5;0m[HTTP]&amp#27;[0m &amp#27;[37m-->&amp#27;[39m &amp#27;[37mPOST&amp#27;[39m &amp#27;[37m/session/4dd9307a-7c2e-4e60-8422-cb0d8b0d514f/elements&amp#27;[39m
&amp#27;[38;5;0m[HTTP]&amp#27;[0m &amp#27;[90m{"using":"xpath","value":"//android.widget.TextView[@text=\"ADD TO CART\"]"}&amp#27;[39m
&amp#27;[38;5;32m[AndroidUiautomator2Driver@1b09 (4dd9307a)]&amp#27;[0m Calling AppiumDriver.findElements() with args: ["xpath","//android.widget.TextView[@text=\"ADD TO CART\"]","4dd9307a-7c2e-4e60-8422-cb0d8b0d514f"]
&amp#27;[38;5;32m[AndroidUiautomator2Driver@1b09 (4dd9307a)]&amp#27;[0m Valid locator strategies for this request: xpath, id, class name, accessibility id, css selector, -android uiautomator
&amp#27;[38;5;32m[AndroidUiautomator2Driver@1b09 (4dd9307a)]&amp#27;[0m Waiting up to 60000 ms for condition
&amp#27;[38;5;32m[AndroidUiautomator2Driver@1b09 (4dd9307a)]&amp#27;[0m Matched '/elements' to command name 'findElements'
&amp#27;[38;5;32m[AndroidUiautomator2Driver@1b09 (4dd9307a)]&amp#27;[0m Proxying [POST /elements] to [POST http://127.0.0.1:8200/session/8d605ba8-ba10-464d-8fc6-4d5ebd3881f5/elements] with body: {"strategy":"xpath","selector":"//android.widget.TextView[@text=\"ADD TO CART\"]","context":"","multiple":true}
&amp#27;[38;5;32m[AndroidUiautomator2Driver@1b09 (4dd9307a)]&amp#27;[0m Got response with status 200: {"sessionId":"8d605ba8-ba10-464d-8fc6-4d5ebd3881f5","value":[{"ELEMENT":"00000000-0000-0055-ffff-ffff00000083","element-6066-11e4-a52e-4f735466cecf":"00000000-0000-0055-ffff-ffff00000083"},{"ELEMENT":"00000000-0000-0055-ffff-ffff00000052","element-6066-11e4-a52e-4f735466cecf":"00000000-0000-0055-ffff-ffff00000052"}]}
&amp#27;[38;5;32m[AndroidUiautomator2Driver@1b09 (4dd9307a)]&amp#27;[0m Responding to client with driver.findElements() result: [{"element-6066-11e4-a52e-4f735466cecf":"00000000-0000-0055-ffff-ffff00000083","ELEMENT":"00000000-0000-0055-ffff-ffff00000083"},{"element-6066-11e4-a52e-4f735466cecf":"00000000-0000-0055-ffff-ffff00000052","ELEMENT":"00000000-0000-0055-ffff-ffff00000052"}]
&amp#27;[38;5;0m[HTTP]&amp#27;[0m &amp#27;[37m<-- POST /session/4dd9307a-7c2e-4e60-8422-cb0d8b0d514f/elements &amp#27;[39m&amp#27;[32m200&amp#27;[39m &amp#27;[90m234 ms - 267&amp#27;[39m
&amp#27;[38;5;0m[HTTP]&amp#27;[0m &amp#27;[90m&amp#27;[39m
&amp#27;[38;5;0m[HTTP]&amp#27;[0m &amp#27;[37m-->&amp#27;[39m &amp#27;[37mPOST&amp#27;[39m &amp#27;[37m/session/4dd9307a-7c2e-4e60-8422-cb0d8b0d514f/element/00000000-0000-0055-ffff-ffff00000052/click&amp#27;[39m
&amp#27;[38;5;0m[HTTP]&amp#27;[0m &amp#27;[90m{"id":"00000000-0000-0055-ffff-ffff00000052"}&amp#27;[39m
&amp#27;[38;5;32m[AndroidUiautomator2Driver@1b09 (4dd9307a)]&amp#27;[0m Calling AppiumDriver.click() with args: ["00000000-0000-0055-ffff-ffff00000052","4dd9307a-7c2e-4e60-8422-cb0d8b0d514f"]
&amp#27;[38;5;32m[AndroidUiautomator2Driver@1b09 (4dd9307a)]&amp#27;[0m Matched '/element/00000000-0000-0055-ffff-ffff00000052/click' to command name 'click'
&amp#27;[38;5;32m[AndroidUiautomator2Driver@1b09 (4dd9307a)]&amp#27;[0m Proxying [POST /element/00000000-0000-0055-ffff-ffff00000052/click] to [POST http://127.0.0.1:8200/session/8d605ba8-ba10-464d-8fc6-4d5ebd3881f5/element/00000000-0000-0055-ffff-ffff00000052/click] with body: {"element":"00000000-0000-0055-ffff-ffff00000052"}
[...]
&amp#27;[38;5;32m[AndroidUiautomator2Driver@1d11 (4f6a5e6e)]&amp#27;[0m Calling AppiumDriver.findElement() with args: ["id","com.androidsample.generalstore:id/btnLetsShop","4f6a5e6e-221d-4bee-b706-af8c77e4b6c0"]
&amp#27;[38;5;32m[AndroidUiautomator2Driver@1d11 (4f6a5e6e)]&amp#27;[0m Valid locator strategies for this request: xpath, id, class name, accessibility id, css selector, -android uiautomator
&amp#27;[38;5;32m[AndroidUiautomator2Driver@1d11 (4f6a5e6e)]&amp#27;[0m Waiting up to 60000 ms for condition
&amp#27;[38;5;32m[AndroidUiautomator2Driver@1d11 (4f6a5e6e)]&amp#27;[0m Matched '/element' to command name 'findElement'
&amp#27;[38;5;32m[AndroidUiautomator2Driver@1d11 (4f6a5e6e)]&amp#27;[0m Proxying [POST /element] to [POST http://127.0.0.1:8200/session/22f83c2b-bea8-4e00-a496-e0e9a586a61e/element] with body: {"strategy":"id","selector":"com.androidsample.generalstore:id/btnLetsShop","context":"","multiple":false}
&amp#27;[38;5;32m[AndroidUiautomator2Driver@1d11 (4f6a5e6e)]&amp#27;[0m Got response with status 404: {"sessionId":"22f83c2b-bea8-4e00-a496-e0e9a586a61e","value":{"error":"no such element","message":"An element could not be located on the page using the given search parameters","stacktrace":"io.appium.uiautomator2.common.exceptions.ElementNotFoundException: An element could not be located on the page using the given search parameters\n\tat io.appium.uiautomator2.handler.FindElement.safeHandle(FindElement.java:63)\n\tat io.appium.uiautomator2.handler.request.SafeRequestHandler.handle(SafeRequestHandler.java:59)\n\tat io.appium.uiautomator2.server.AppiumServlet.handleRequest(AppiumServlet.java:277)\n\tat io.appium.uiautomator2.server.AppiumServlet.handleHttpRequest(AppiumServlet.java:271)\n\tat io.appium.uiautomator2.http.ServerHandler.channelRead(ServerHandler.java:77)\n\tat io.netty.channel.AbstractChannelHandlerContext.invokeChannelRead(AbstractChannelHandlerContext.java:366)\n\tat io.netty.channel.AbstractChannelHandlerContext.invokeChannelRead(AbstractChannelHandlerContext.java:352)\n\tat io.netty.chann...
&amp#27;[38;5;128m[W3C]&amp#27;[0m Matched W3C error code 'no such element' to NoSuchElementError
&amp#27;[38;5;32m[AndroidUiautomator2Driver@1d11 (4f6a5e6e)]&amp#27;[0m Waited for 407 ms so far
&amp#27;[38;5;32m[AndroidUiautomator2Driver@1d11 (4f6a5e6e)]&amp#27;[0m Matched '/element' to command name 'findElement'
&amp#27;[38;5;32m[AndroidUiautomator2Driver@1d11 (4f6a5e6e)]&amp#27;[0m Proxying [POST /element] to [POST http://127.0.0.1:8200/session/22f83c2b-bea8-4e00-a496-e0e9a586a61e/element] with body: {"strategy":"id","selector":"com.androidsample.generalstore:id/btnLetsShop","context":"","multiple":false}
&amp#27;[38;5;32m[AndroidUiautomator2Driver@1d11 (4f6a5e6e)]&amp#27;[0m Got response with status 404: {"sessionId":"22f83c2b-bea8-4e00-a496-e0e9a586a61e","value":{"error":"no such element","message":"An element could not be located on the page using the given search parameters","stacktrace":"io.appium.uiautomator2.common.exceptions.ElementNotFoundException: An element could not be located on the page using the given search parameters\n\tat io.appium.uiautomator2.handler.FindElement.safeHandle(FindElement.java:63)\n\tat io.appium.uiautomator2.handler.request.SafeRequestHandler.handle(SafeRequestHandler.java:59)\n\tat io.appium.uiautomator2.server.AppiumServlet.handleRequest(AppiumServlet.java:277)\n\tat io.appium.uiautomator2.server.AppiumServlet.handleHttpRequest(AppiumServlet.java:271)\n\tat io.appium.uiautomator2.http.ServerHandler.channelRead(ServerHandler.java:77)\n\tat io.netty.channel.AbstractChannelHandlerContext.invokeChannelRead(AbstractChannelHandlerContext.java:366)\n\tat io.netty.channel.AbstractChannelHandlerContext.invokeChannelRead(AbstractChannelHandlerContext.java:352)\n\tat io.netty.chann...
&amp#27;[38;5;128m[W3C]&amp#27;[0m Matched W3C error code 'no such element' to NoSuchElementError
&amp#27;[38;5;32m[AndroidUiautomator2Driver@1d11 (4f6a5e6e)]&amp#27;[0m Waited for 945 ms so far
&amp#27;[38;5;32m[AndroidUiautomator2Driver@1d11 (4f6a5e6e)]&amp#27;[0m Matched '/element' to command name 'findElement'
&amp#27;[38;5;32m[AndroidUiautomator2Driver@1d11 (4f6a5e6e)]&amp#27;[0m Proxying [POST /element] to [POST http://127.0.0.1:8200/session/22f83c2b-bea8-4e00-a496-e0e9a586a61e/element] with body: {"strategy":"id","selector":"com.androidsample.generalstore:id/btnLetsShop","context":"","multiple":false}
&amp#27;[38;5;32m[AndroidUiautomator2Driver@1d11 (4f6a5e6e)]&amp#27;[0m Got response with status 404: {"sessionId":"22f83c2b-bea8-4e00-a496-e0e9a586a61e","value":{"error":"no such element","message":"An element could not be located on the page using the given search parameters","stacktrace":"io.appium.uiautomator2.common.exceptions.ElementNotFoundException: An element could not be located on the page using the given search parameters\n\tat io.appium.uiautomator2.handler.FindElement.safeHandle(FindElement.java:63)\n\tat io.appium.uiautomator2.handler.request.SafeRequestHandler.handle(SafeRequestHandler.java:59)\n\tat io.appium.uiautomator2.server.AppiumServlet.handleRequest(AppiumServlet.java:277)\n\tat io.appium.uiautomator2.server.AppiumServlet.handleHttpRequest(AppiumServlet.java:271)\n\tat io.appium.uiautomator2.http.ServerHandler.channelRead(ServerHandler.java:77)\n\tat io.netty.channel.AbstractChannelHandlerContext.invokeChannelRead(AbstractChannelHandlerContext.java:366)\n\tat io.netty.channel.AbstractChannelHandlerContext.invokeChannelRead(AbstractChannelHandlerContext.java:352)\n\tat io.netty.chann...
&amp#27;[38;5;128m[W3C]&amp#27;[0m Matched W3C error code 'no such element' to NoSuchElementError
&amp#27;[38;5;32m[AndroidUiautomator2Driver@1d11 (4f6a5e6e)]&amp#27;[0m Waited for 1515 ms so far
&amp#27;[38;5;32m[AndroidUiautomator2Driver@1d11 (4f6a5e6e)]&amp#27;[0m Matched '/element' to command name 'findElement'
&amp#27;[38;5;32m[AndroidUiautomator2Driver@1d11 (4f6a5e6e)]&amp#27;[0m Proxying [POST /element] to [POST http://127.0.0.1:8200/session/22f83c2b-bea8-4e00-a496-e0e9a586a61e/element] with body: {"strategy":"id","selector":"com.androidsample.generalstore:id/btnLetsShop","context":"","multiple":false}
&amp#27;[38;5;32m[AndroidUiautomator2Driver@1d11 (4f6a5e6e)]&amp#27;[0m Got response with status 404: {"sessionId":"22f83c2b-bea8-4e00-a496-e0e9a586a61e","value":{"error":"no such element","message":"An element could not be located on the page using the given search parameters","stacktrace":"io.appium.uiautomator2.common.exceptions.ElementNotFoundException: An element could not be located on the page using the given search parameters\n\tat io.appium.uiautomator2.handler.FindElement.safeHandle(FindElement.java:63)\n\tat io.appium.uiautomator2.handler.request.SafeRequestHandler.handle(SafeRequestHandler.java:59)\n\tat io.appium.uiautomator2.server.AppiumServlet.handleRequest(AppiumServlet.java:277)\n\tat io.appium.uiautomator2.server.AppiumServlet.handleHttpRequest(AppiumServlet.java:271)\n\tat io.appium.uiautomator2.http.ServerHandler.channelRead(ServerHandler.java:77)\n\tat io.netty.channel.AbstractChannelHandlerContext.invokeChannelRead(AbstractChannelHandlerContext.java:366)\n\tat io.netty.channel.AbstractChannelHandlerContext.invokeChannelRead(AbstractChannelHandlerContext.java:352)\n\tat io.netty.chann...
&amp#27;[38;5;128m[W3C]&amp#27;[0m Matched W3C error code 'no such element' to NoSuchElementError
&amp#27;[38;5;32m[AndroidUiautomator2Driver@1d11 (4f6a5e6e)]&amp#27;[0m Waited for 2084 ms so far
&amp#27;[38;5;32m[AndroidUiautomator2Driver@1d11 (4f6a5e6e)]&amp#27;[0m Matched '/element' to command name 'findElement'
&amp#27;[38;5;32m[AndroidUiautomator2Driver@1d11 (4f6a5e6e)]&amp#27;[0m Proxying [POST /element] to [POST http://127.0.0.1:8200/session/22f83c2b-bea8-4e00-a496-e0e9a586a61e/element] with body: {"strategy":"id","selector":"com.androidsample.generalstore:id/btnLetsShop","context":"","multiple":false}
&amp#27;[38;5;32m[AndroidUiautomator2Driver@1d11 (4f6a5e6e)]&amp#27;[0m Got response with status 404: {"sessionId":"22f83c2b-bea8-4e00-a496-e0e9a586a61e","value":{"error":"no such element","message":"An element could not be located on the page using the given search parameters","stacktrace":"io.appium.uiautomator2.common.exceptions.ElementNotFoundException: An element could not be located on the page using the given search parameters\n\tat io.appium.uiautomator2.handler.FindElement.safeHandle(FindElement.java:63)\n\tat io.appium.uiautomator2.handler.request.SafeRequestHandler.handle(SafeRequestHandler.java:59)\n\tat io.appium.uiautomator2.server.AppiumServlet.handleRequest(AppiumServlet.java:277)\n\tat io.appium.uiautomator2.server.AppiumServlet.handleHttpRequest(AppiumServlet.java:271)\n\tat io.appium.uiautomator2.http.ServerHandler.channelRead(ServerHandler.java:77)\n\tat io.netty.channel.AbstractChannelHandlerContext.invokeChannelRead(AbstractChannelHandlerContext.java:366)\n\tat io.netty.channel.AbstractChannelHandlerContext.invokeChannelRead(AbstractChannelHandlerContext.java:352)\n\tat io.netty.chann...
&amp#27;[38;5;128m[W3C]&amp#27;[0m Matched W3C error code 'no such element' to NoSuchElementError
&amp#27;[38;5;32m[AndroidUiautomator2Driver@1d11 (4f6a5e6e)]&amp#27;[0m Waited for 2754 ms so far
&amp#27;[38;5;32m[AndroidUiautomator2Driver@1d11 (4f6a5e6e)]&amp#27;[0m Matched '/element' to command name 'findElement'
&amp#27;[38;5;32m[AndroidUiautomator2Driver@1d11 (4f6a5e6e)]&amp#27;[0m Proxying [POST /element] to [POST http://127.0.0.1:8200/session/22f83c2b-bea8-4e00-a496-e0e9a586a61e/element] with body: {"strategy":"id","selector":"com.androidsample.generalstore:id/btnLetsShop","context":"","multiple":false}
&amp#27;[38;5;32m[AndroidUiautomator2Driver@1d11 (4f6a5e6e)]&amp#27;[0m Got response with status 200: {"sessionId":"22f83c2b-bea8-4e00-a496-e0e9a586a61e","value":{"ELEMENT":"00000000-0000-0064-ffff-ffff00000021","element-6066-11e4-a52e-4f735466cecf":"00000000-0000-0064-ffff-ffff00000021"}}
&amp#27;[38;5;32m[AndroidUiautomator2Driver@1d11 (4f6a5e6e)]&amp#27;[0m Responding to client with driver.findElement() result: {"element-6066-11e4-a52e-4f735466cecf":"00000000-0000-0064-ffff-ffff00000021","ELEMENT":"00000000-0000-0064-ffff-ffff00000021"}
&amp#27;[38;5;0m[HTTP]&amp#27;[0m &amp#27;[37m<-- POST /session/4f6a5e6e-221d-4bee-b706-af8c77e4b6c0/element &amp#27;[39m&amp#27;[32m200&amp#27;[39m &amp#27;[90m3347 ms - 137&amp#27;[39m
&amp#27;[38;5;0m[HTTP]&amp#27;[0m &amp#27;[90m&amp#27;[39m
&amp#27;[38;5;0m[HTTP]&amp#27;[0m &amp#27;[37m-->&amp#27;[39m &amp#27;[37mPOST&amp#27;[39m &amp#27;[37m/session/4f6a5e6e-221d-4bee-b706-af8c77e4b6c0/element/00000000-0000-0064-ffff-ffff00000021/click&amp#27;[39m
&amp#27;[38;5;0m[HTTP]&amp#27;[0m &amp#27;[90m{"id":"00000000-0000-0064-ffff-ffff00000021"}&amp#27;[39m
&amp#27;[38;5;32m[AndroidUiautomator2Driver@1d11 (4f6a5e6e)]&amp#27;[0m Calling AppiumDriver.click() with args: ["00000000-0000-0064-ffff-ffff00000021","4f6a5e6e-221d-4bee-b706-af8c77e4b6c0"]
&amp#27;[38;5;32m[AndroidUiautomator2Driver@1d11 (4f6a5e6e)]&amp#27;[0m Matched '/element/00000000-0000-0064-ffff-ffff00000021/click' to command name 'click'
&amp#27;[38;5;32m[AndroidUiautomator2Driver@1d11 (4f6a5e6e)]&amp#27;[0m Proxying [POST /element/00000000-0000-0064-ffff-ffff00000021/click] to [POST http://127.0.0.1:8200/session/22f83c2b-bea8-4e00-a496-e0e9a586a61e/element/00000000-0000-0064-ffff-ffff00000021/click] with body: {"element":"00000000-0000-0064-ffff-ffff00000021"}
&amp#27;[38;5;32m[AndroidUiautomator2Driver@1d11 (4f6a5e6e)]&amp#27;[0m Got response with status 200: {"sessionId":"22f83c2b-bea8-4e00-a496-e0e9a586a61e","value":null}
&amp#27;[38;5;32m[AndroidUiautomator2Driver@1d11 (4f6a5e6e)]&amp#27;[0m Responding to client with driver.click() result: null
&amp#27;[38;5;0m[HTTP]&amp#27;[0m &amp#27;[37m<-- POST /session/4f6a5e6e-221d-4bee-b706-af8c77e4b6c0/element/00000000-0000-0064-ffff-ffff00000021/click &amp#27;[39m&amp#27;[32m200&amp#27;[39m &amp#27;[90m757 ms - 14&amp#27;[39m
&amp#27;[38;5;0m[HTTP]&amp#27;[0m &amp#27;[90m&amp#27;[39m
&amp#27;[38;5;0m[HTTP]&amp#27;[0m &amp#27;[37m-->&amp#27;[39m &amp#27;[37mGET&amp#27;[39m &amp#27;[37m/session/4f6a5e6e-221d-4bee-b706-af8c77e4b6c0/context&amp#27;[39m
&amp#27;[38;5;0m[HTTP]&amp#27;[0m &amp#27;[90m{}&amp#27;[39m
&amp#27;[38;5;32m[AndroidUiautomator2Driver@1d11 (4f6a5e6e)]&amp#27;[0m Calling AppiumDriver.getCurrentContext() with args: ["4f6a5e6e-221d-4bee-b706-af8c77e4b6c0"]
&amp#27;[38;5;32m[AndroidUiautomator2Driver@1d11 (4f6a5e6e)]&amp#27;[0m Responding to client with driver.getCurrentContext() result: "NATIVE_APP"
&amp#27;[38;5;0m[HTTP]&amp#27;[0m &amp#27;[37m<-- GET /session/4f6a5e6e-221d-4bee-b706-af8c77e4b6c0/context &amp#27;[39m&amp#27;[32m200&amp#27;[39m &amp#27;[90m3 ms - 22&amp#27;[39m
&amp#27;[38;5;0m[HTTP]&amp#27;[0m &amp#27;[90m&amp#27;[39m
&amp#27;[38;5;0m[HTTP]&amp#27;[0m &amp#27;[37m-->&amp#27;[39m &amp#27;[37mPOST&amp#27;[39m &amp#27;[37m/session/4f6a5e6e-221d-4bee-b706-af8c77e4b6c0/element&amp#27;[39m
&amp#27;[38;5;0m[HTTP]&amp#27;[0m &amp#27;[90m{"using":"xpath","value":"//android.widget.Toast"}&amp#27;[39m
&amp#27;[38;5;32m[AndroidUiautomator2Driver@1d11 (4f6a5e6e)]&amp#27;[0m Calling AppiumDriver.findElement() with args: ["xpath","//android.widget.Toast","4f6a5e6e-221d-4bee-b706-af8c77e4b6c0"]
&amp#27;[38;5;32m[AndroidUiautomator2Driver@1d11 (4f6a5e6e)]&amp#27;[0m Valid locator strategies for this request: xpath, id, class name, accessibility id, css selector, -android uiautomator
&amp#27;[38;5;32m[AndroidUiautomator2Driver@1d11 (4f6a5e6e)]&amp#27;[0m Waiting up to 60000 ms for condition
&amp#27;[38;5;32m[AndroidUiautomator2Driver@1d11 (4f6a5e6e)]&amp#27;[0m Matched '/element' to command name 'findElement'
&amp#27;[38;5;32m[AndroidUiautomator2Driver@1d11 (4f6a5e6e)]&amp#27;[0m Proxying [POST /element] to [POST http://127.0.0.1:8200/session/22f83c2b-bea8-4e00-a496-e0e9a586a61e/element] with body: {"strategy":"xpath","selector":"//android.widget.Toast","context":"","multiple":false}
&amp#27;[38;5;32m[AndroidUiautomator2Driver@1d11 (4f6a5e6e)]&amp#27;[0m Got response with status 200: {"sessionId":"22f83c2b-bea8-4e00-a496-e0e9a586a61e","value":{"ELEMENT":"6585db21-6b7b-41dd-87b8-e02962662c99","element-6066-11e4-a52e-4f735466cecf":"6585db21-6b7b-41dd-87b8-e02962662c99"}}
&amp#27;[38;5;32m[AndroidUiautomator2Driver@1d11 (4f6a5e6e)]&amp#27;[0m Responding to client with driver.findElement() result: {"element-6066-11e4-a52e-4f735466cecf":"6585db21-6b7b-41dd-87b8-e02962662c99","ELEMENT":"6585db21-6b7b-41dd-87b8-e02962662c99"}
&amp#27;[38;5;0m[HTTP]&amp#27;[0m &amp#27;[37m<-- POST /session/4f6a5e6e-221d-4bee-b706-af8c77e4b6c0/element &amp#27;[39m&amp#27;[32m200&amp#27;[39m &amp#27;[90m512 ms - 137&amp#27;[39m
&amp#27;[38;5;0m[HTTP]&amp#27;[0m &amp#27;[90m&amp#27;[39m
&amp#27;[38;5;0m[HTTP]&amp#27;[0m &amp#27;[37m-->&amp#27;[39m &amp#27;[37mGET&amp#27;[39m &amp#27;[37m/session/4f6a5e6e-221d-4bee-b706-af8c77e4b6c0/element/6585db21-6b7b-41dd-87b8-e02962662c99/attribute/name&amp#27;[39m
&amp#27;[38;5;0m[HTTP]&amp#27;[0m &amp#27;[90m{}&amp#27;[39m
&amp#27;[38;5;32m[AndroidUiautomator2Driver@1d11 (4f6a5e6e)]&amp#27;[0m Calling AppiumDriver.getAttribute() with args: ["name","6585db21-6b7b-41dd-87b8-e02962662c99","4f6a5e6e-221d-4bee-b706-af8c77e4b6c0"]
&amp#27;[38;5;32m[AndroidUiautomator2Driver@1d11 (4f6a5e6e)]&amp#27;[0m Matched '/element/6585db21-6b7b-41dd-87b8-e02962662c99/attribute/name' to command name 'getAttribute'
&amp#27;[38;5;32m[AndroidUiautomator2Driver@1d11 (4f6a5e6e)]&amp#27;[0m Proxying [GET /element/6585db21-6b7b-41dd-87b8-e02962662c99/attribute/name] to [GET http://127.0.0.1:8200/session/22f83c2b-bea8-4e00-a496-e0e9a586a61e/element/6585db21-6b7b-41dd-87b8-e02962662c99/attribute/name] with no body
&amp#27;[38;5;32m[AndroidUiautomator2Driver@1d11 (4f6a5e6e)]&amp#27;[0m Got response with status 200: {"sessionId":"22f83c2b-bea8-4e00-a496-e0e9a586a61e","value":"Please enter your name"}
&amp#27;[38;5;32m[AndroidUiautomator2Driver@1d11 (4f6a5e6e)]&amp#27;[0m Responding to client with driver.getAttribute() result: "Please enter your name"
&amp#27;[38;5;0m[HTTP]&amp#27;[0m &amp#27;[37m<-- GET /session/4f6a5e6e-221d-4bee-b706-af8c77e4b6c0/element/6585db21-6b7b-41dd-87b8-e02962662c99/attribute/name &amp#27;[39m&amp#27;[32m200&amp#27;[39m &amp#27;[90m124 ms - 34&amp#27;[39m
&amp#27;[38;5;0m[HTTP]&amp#27;[0m &amp#27;[90m&amp#27;[39m
&amp#27;[38;5;0m[HTTP]&amp#27;[0m &amp#27;[37m-->&amp#27;[39m &amp#27;[37mDELETE&amp#27;[39m &amp#27;[37m/session/4f6a5e6e-221d-4bee-b706-af8c77e4b6c0&amp#27;[39m
&amp#27;[38;5;0m[HTTP]&amp#27;[0m &amp#27;[90m{}&amp#27;[39m
&amp#27;[38;5;32m[AndroidUiautomator2Driver@1d11 (4f6a5e6e)]&amp#27;[0m Calling AppiumDriver.deleteSession() with args: ["4f6a5e6e-221d-4bee-b706-af8c77e4b6c0"]
&amp#27;[38;5;16m[AppiumDriver@1576]&amp#27;[0m Event 'quitSessionRequested' logged at 1702668407422 (21:26:47 GMT+0200 (Eastern European Standard Time))
&amp#27;[38;5;16m[AppiumDriver@1576]&amp#27;[0m Removing session 4f6a5e6e-221d-4bee-b706-af8c77e4b6c0 from our master session list
&amp#27;[38;5;32m[AndroidUiautomator2Driver@1d11 (4f6a5e6e)]&amp#27;[0m Deleting UiAutomator2 session
&amp#27;[38;5;32m[AndroidUiautomator2Driver@1d11 (4f6a5e6e)]&amp#27;[0m Deleting UiAutomator2 server session
&amp#27;[38;5;32m[AndroidUiautomator2Driver@1d11 (4f6a5e6e)]&amp#27;[0m Matched '/' to command name 'deleteSession'
&amp#27;[38;5;32m[AndroidUiautomator2Driver@1d11 (4f6a5e6e)]&amp#27;[0m Proxying [DELETE /] to [DELETE http://127.0.0.1:8200/session/22f83c2b-bea8-4e00-a496-e0e9a586a61e] with no body
&amp#27;[38;5;32m[AndroidUiautomator2Driver@1d11 (4f6a5e6e)]&amp#27;[0m Got response with status 200: {"sessionId":"22f83c2b-bea8-4e00-a496-e0e9a586a61e","value":null}
&amp#27;[38;5;64m[ADB]&amp#27;[0m Running 'C:\Users\admin\AppData\Local\Android\Sdk\platform-tools\adb.exe -P 5037 -s RZ8NA1VZJ1N shell dumpsys activity services io.appium.settings/.recorder.RecorderService'
&amp#27;[38;5;64m[ADB]&amp#27;[0m Running 'C:\Users\admin\AppData\Local\Android\Sdk\platform-tools\adb.exe -P 5037 -s RZ8NA1VZJ1N shell am force-stop com.androidsample.generalstore'
&amp#27;[38;5;96m[Logcat]&amp#27;[0m Stopping logcat capture
&amp#27;[38;5;64m[ADB]&amp#27;[0m Removing forwarded port socket connection: 8200 
&amp#27;[38;5;64m[ADB]&amp#27;[0m Running 'C:\Users\admin\AppData\Local\Android\Sdk\platform-tools\adb.exe -P 5037 -s RZ8NA1VZJ1N forward --remove tcp:8200'
&amp#27;[38;5;32m[AndroidUiautomator2Driver@1d11 (4f6a5e6e)]&amp#27;[0m Restoring hidden api policy to the device default configuration
&amp#27;[38;5;64m[ADB]&amp#27;[0m Running 'C:\Users\admin\AppData\Local\Android\Sdk\platform-tools\adb.exe -P 5037 -s RZ8NA1VZJ1N shell 'settings delete global hidden_api_policy_pre_p_apps;settings delete global hidden_api_policy_p_apps;settings delete global hidden_api_policy''
&amp#27;[38;5;112m[Instrumentation]&amp#27;[0m .
&amp#27;[38;5;112m[Instrumentation]&amp#27;[0m Time: 9.055
&amp#27;[38;5;112m[Instrumentation]&amp#27;[0m 
&amp#27;[38;5;112m[Instrumentation]&amp#27;[0m OK (1 test)
&amp#27;[38;5;112m[Instrumentation]&amp#27;[0m The process has exited with code 0
&amp#27;[38;5;16m[AppiumDriver@1576]&amp#27;[0m Event 'quitSessionFinished' logged at 1702668408022 (21:26:48 GMT+0200 (Eastern European Standard Time))
&amp#27;[38;5;16m[AppiumDriver@1576]&amp#27;[0m Received response: null
&amp#27;[38;5;16m[AppiumDriver@1576]&amp#27;[0m But deleting session, so not returning
&amp#27;[38;5;16m[AppiumDriver@1576]&amp#27;[0m Responding to client with driver.deleteSession() result: null
&amp#27;[38;5;0m[HTTP]&amp#27;[0m &amp#27;[37m<-- DELETE /session/4f6a5e6e-221d-4bee-b706-af8c77e4b6c0 &amp#27;[39m&amp#27;[32m200&amp#27;[39m &amp#27;[90m603 ms - 14&amp#27;[39m
&amp#27;[38;5;0m[HTTP]&amp#27;[0m &amp#27;[90m&amp#27;[39m
]]></system-out>
  </testcase>
</testsuite>